#
# A fatal error has been detected by the Java Runtime Environment:
#
#  EXCEPTION_ACCESS_VIOLATION (0xc0000005) at pc=0x00007ffd65de8f1c, pid=14076, tid=16776
#
# JRE version: OpenJDK Runtime Environment (16.0.2+7) (build 16.0.2+7-67)
# Java VM: OpenJDK 64-Bit Server VM (16.0.2+7-67, mixed mode, sharing, tiered, compressed oops, compressed class ptrs, g1 gc, windows-amd64)
# Problematic frame:
# C  [skiko-windows-x64.dll+0x198f1c]
#
# No core dump will be written. Minidumps are not enabled by default on client versions of Windows
#
# If you would like to submit a bug report, please visit:
#   https://bugreport.java.com/bugreport/crash.jsp
# The crash happened outside the Java Virtual Machine in native code.
# See problematic frame for where to report the bug.
#

---------------  S U M M A R Y ------------

Command Line: -javaagent:C:\Program Files\JetBrains\IntelliJ IDEA Community Edition 2020.3.2\lib\idea_rt.jar=55560:C:\Program Files\JetBrains\IntelliJ IDEA Community Edition 2020.3.2\bin -Dfile.encoding=UTF-8 MainGraphicKt

Host: AMD Ryzen 5 3600 6-Core Processor              , 12 cores, 15G,  Windows 10 , 64 bit Build 22000 (10.0.22000.318)
Time: Sun Nov 28 01:37:44 2021 FLE Standard Time elapsed time: 3.247125 seconds (0d 0h 0m 3s)

---------------  T H R E A D  ---------------

Current thread (0x00000278a6a0ef90):  JavaThread "AWT-EventQueue-0" [_thread_in_native, id=16776, stack(0x0000009ab7600000,0x0000009ab7700000)]

Stack: [0x0000009ab7600000,0x0000009ab7700000],  sp=0x0000009ab76fa620,  free space=1001k
Native frames: (J=compiled Java code, j=interpreted, Vv=VM code, C=native code)
C  [skiko-windows-x64.dll+0x198f1c]

Java frames: (J=compiled Java code, j=interpreted, Vv=VM code)
j  org.jetbrains.skia.shaper.ShaperKt._nShapeLine(JLjava/lang/String;JLorg/jetbrains/skia/shaper/ShapingOptions;)J+0
j  org.jetbrains.skia.shaper.ShaperKt.access$_nShapeLine(JLjava/lang/String;JLorg/jetbrains/skia/shaper/ShapingOptions;)J+5
j  org.jetbrains.skia.shaper.Shaper.shapeLine(Ljava/lang/String;Lorg/jetbrains/skia/Font;Lorg/jetbrains/skia/shaper/ShapingOptions;)Lorg/jetbrains/skia/TextLine;+30
j  org.jetbrains.skia.TextLine$Companion.make(Ljava/lang/String;Lorg/jetbrains/skia/Font;Lorg/jetbrains/skia/shaper/ShapingOptions;)Lorg/jetbrains/skia/TextLine;+34
j  org.jetbrains.skia.TextLine$Companion.make(Ljava/lang/String;Lorg/jetbrains/skia/Font;)Lorg/jetbrains/skia/TextLine;+9
j  programs.other.mojang.minecraft.MinecraftKt$Minecraft$1$4$1$1.invoke(Lprograms/other/mojang/minecraft/block/Block;)V+108
j  programs.other.mojang.minecraft.MinecraftKt$Minecraft$1$4$1$1.invoke(Ljava/lang/Object;)Ljava/lang/Object;+5
j  programs.other.mojang.minecraft.generator.chank.Chank.forEach(Lkotlin/jvm/functions/Function1;)V+104
j  programs.other.mojang.minecraft.MinecraftKt$Minecraft$1$4.invoke(Landroidx/compose/ui/graphics/drawscope/DrawScope;)V+77
j  programs.other.mojang.minecraft.MinecraftKt$Minecraft$1$4.invoke(Ljava/lang/Object;)Ljava/lang/Object;+5
j  androidx.compose.ui.draw.DrawBackgroundModifier.draw(Landroidx/compose/ui/graphics/drawscope/ContentDrawScope;)V+11
J 2748 c1 androidx.compose.ui.node.ModifiedDrawNode.performDraw(Landroidx/compose/ui/graphics/Canvas;)V (337 bytes) @ 0x000002788a1ec86c [0x000002788a1eada0+0x0000000000001acc]
J 2747 c2 androidx.compose.ui.node.LayoutNodeWrapper.draw(Landroidx/compose/ui/graphics/Canvas;)V (71 bytes) @ 0x0000027891377640 [0x00000278913774e0+0x0000000000000160]
J 2063 c1 androidx.compose.ui.node.ModifiedLayoutNode.performDraw(Landroidx/compose/ui/graphics/Canvas;)V (38 bytes) @ 0x000002788a0cd98c [0x000002788a0cd5e0+0x00000000000003ac]
J 2747 c2 androidx.compose.ui.node.LayoutNodeWrapper.draw(Landroidx/compose/ui/graphics/Canvas;)V (71 bytes) @ 0x0000027891377640 [0x00000278913774e0+0x0000000000000160]
J 2063 c1 androidx.compose.ui.node.ModifiedLayoutNode.performDraw(Landroidx/compose/ui/graphics/Canvas;)V (38 bytes) @ 0x000002788a0cd98c [0x000002788a0cd5e0+0x00000000000003ac]
J 2998 c2 androidx.compose.ui.node.DelegatingLayoutNodeWrapper.performDraw(Landroidx/compose/ui/graphics/Canvas;)V (15 bytes) @ 0x0000027891394f44 [0x0000027891394de0+0x0000000000000164]
J 2998 c2 androidx.compose.ui.node.DelegatingLayoutNodeWrapper.performDraw(Landroidx/compose/ui/graphics/Canvas;)V (15 bytes) @ 0x0000027891394f44 [0x0000027891394de0+0x0000000000000164]
J 2747 c2 androidx.compose.ui.node.LayoutNodeWrapper.draw(Landroidx/compose/ui/graphics/Canvas;)V (71 bytes) @ 0x0000027891377640 [0x00000278913774e0+0x0000000000000160]
J 2413 c1 androidx.compose.ui.node.InnerPlaceable.performDraw(Landroidx/compose/ui/graphics/Canvas;)V (113 bytes) @ 0x000002788a15a254 [0x000002788a159ba0+0x00000000000006b4]
J 3031 c1 androidx.compose.ui.node.LayoutNodeWrapper$invoke$1.invoke()Ljava/lang/Object; (8 bytes) @ 0x000002788a275b9c [0x000002788a275a40+0x000000000000015c]
J 2626 c2 androidx.compose.runtime.snapshots.SnapshotStateObserver.observeReads(Ljava/lang/Object;Lkotlin/jvm/functions/Function1;Lkotlin/jvm/functions/Function0;)V (561 bytes) @ 0x000002789136d504 [0x000002789136c880+0x0000000000000c84]
J 2909 c1 androidx.compose.ui.node.LayoutNodeWrapper.invoke(Landroidx/compose/ui/graphics/Canvas;)V (57 bytes) @ 0x000002788a23d974 [0x000002788a23d2a0+0x00000000000006d4]
J 2908 c1 androidx.compose.ui.node.LayoutNodeWrapper.invoke(Ljava/lang/Object;)Ljava/lang/Object; (12 bytes) @ 0x000002788a23ce4c [0x000002788a23cc40+0x000000000000020c]
J 2971 c1 androidx.compose.ui.platform.SkiaLayer.performDrawLayer(Landroidx/compose/ui/graphics/Canvas;Landroidx/compose/ui/geometry/Rect;)V (251 bytes) @ 0x000002788a2560fc [0x000002788a255040+0x00000000000010bc]
J 2747 c2 androidx.compose.ui.node.LayoutNodeWrapper.draw(Landroidx/compose/ui/graphics/Canvas;)V (71 bytes) @ 0x0000027891377a14 [0x00000278913774e0+0x0000000000000534]
J 2063 c1 androidx.compose.ui.node.ModifiedLayoutNode.performDraw(Landroidx/compose/ui/graphics/Canvas;)V (38 bytes) @ 0x000002788a0cd98c [0x000002788a0cd5e0+0x00000000000003ac]
J 2747 c2 androidx.compose.ui.node.LayoutNodeWrapper.draw(Landroidx/compose/ui/graphics/Canvas;)V (71 bytes) @ 0x0000027891377640 [0x00000278913774e0+0x0000000000000160]
J 2063 c1 androidx.compose.ui.node.ModifiedLayoutNode.performDraw(Landroidx/compose/ui/graphics/Canvas;)V (38 bytes) @ 0x000002788a0cd98c [0x000002788a0cd5e0+0x00000000000003ac]
J 2747 c2 androidx.compose.ui.node.LayoutNodeWrapper.draw(Landroidx/compose/ui/graphics/Canvas;)V (71 bytes) @ 0x0000027891377640 [0x00000278913774e0+0x0000000000000160]
J 2915 c1 androidx.compose.ui.node.LayoutNodeDrawScope.drawContent()V (43 bytes) @ 0x000002788a23eb64 [0x000002788a23e960+0x0000000000000204]
j  androidx.compose.foundation.Background.draw(Landroidx/compose/ui/graphics/drawscope/ContentDrawScope;)V+30
J 2748 c1 androidx.compose.ui.node.ModifiedDrawNode.performDraw(Landroidx/compose/ui/graphics/Canvas;)V (337 bytes) @ 0x000002788a1ec86c [0x000002788a1eada0+0x0000000000001acc]
J 2747 c2 androidx.compose.ui.node.LayoutNodeWrapper.draw(Landroidx/compose/ui/graphics/Canvas;)V (71 bytes) @ 0x0000027891377640 [0x00000278913774e0+0x0000000000000160]
J 2413 c1 androidx.compose.ui.node.InnerPlaceable.performDraw(Landroidx/compose/ui/graphics/Canvas;)V (113 bytes) @ 0x000002788a15a254 [0x000002788a159ba0+0x00000000000006b4]
J 2747 c2 androidx.compose.ui.node.LayoutNodeWrapper.draw(Landroidx/compose/ui/graphics/Canvas;)V (71 bytes) @ 0x0000027891377640 [0x00000278913774e0+0x0000000000000160]
J 2063 c1 androidx.compose.ui.node.ModifiedLayoutNode.performDraw(Landroidx/compose/ui/graphics/Canvas;)V (38 bytes) @ 0x000002788a0cd98c [0x000002788a0cd5e0+0x00000000000003ac]
J 2747 c2 androidx.compose.ui.node.LayoutNodeWrapper.draw(Landroidx/compose/ui/graphics/Canvas;)V (71 bytes) @ 0x0000027891377640 [0x00000278913774e0+0x0000000000000160]
J 2063 c1 androidx.compose.ui.node.ModifiedLayoutNode.performDraw(Landroidx/compose/ui/graphics/Canvas;)V (38 bytes) @ 0x000002788a0cd98c [0x000002788a0cd5e0+0x00000000000003ac]
J 2747 c2 androidx.compose.ui.node.LayoutNodeWrapper.draw(Landroidx/compose/ui/graphics/Canvas;)V (71 bytes) @ 0x0000027891377640 [0x00000278913774e0+0x0000000000000160]
J 2413 c1 androidx.compose.ui.node.InnerPlaceable.performDraw(Landroidx/compose/ui/graphics/Canvas;)V (113 bytes) @ 0x000002788a15a254 [0x000002788a159ba0+0x00000000000006b4]
J 2747 c2 androidx.compose.ui.node.LayoutNodeWrapper.draw(Landroidx/compose/ui/graphics/Canvas;)V (71 bytes) @ 0x0000027891377640 [0x00000278913774e0+0x0000000000000160]
J 2915 c1 androidx.compose.ui.node.LayoutNodeDrawScope.drawContent()V (43 bytes) @ 0x000002788a23eb64 [0x000002788a23e960+0x0000000000000204]
j  androidx.compose.foundation.Background.draw(Landroidx/compose/ui/graphics/drawscope/ContentDrawScope;)V+30
J 2748 c1 androidx.compose.ui.node.ModifiedDrawNode.performDraw(Landroidx/compose/ui/graphics/Canvas;)V (337 bytes) @ 0x000002788a1ec86c [0x000002788a1eada0+0x0000000000001acc]
J 3031 c1 androidx.compose.ui.node.LayoutNodeWrapper$invoke$1.invoke()Ljava/lang/Object; (8 bytes) @ 0x000002788a275b9c [0x000002788a275a40+0x000000000000015c]
J 2626 c2 androidx.compose.runtime.snapshots.SnapshotStateObserver.observeReads(Ljava/lang/Object;Lkotlin/jvm/functions/Function1;Lkotlin/jvm/functions/Function0;)V (561 bytes) @ 0x000002789136d504 [0x000002789136c880+0x0000000000000c84]
J 2909 c1 androidx.compose.ui.node.LayoutNodeWrapper.invoke(Landroidx/compose/ui/graphics/Canvas;)V (57 bytes) @ 0x000002788a23d974 [0x000002788a23d2a0+0x00000000000006d4]
J 2908 c1 androidx.compose.ui.node.LayoutNodeWrapper.invoke(Ljava/lang/Object;)Ljava/lang/Object; (12 bytes) @ 0x000002788a23ce4c [0x000002788a23cc40+0x000000000000020c]
J 2971 c1 androidx.compose.ui.platform.SkiaLayer.performDrawLayer(Landroidx/compose/ui/graphics/Canvas;Landroidx/compose/ui/geometry/Rect;)V (251 bytes) @ 0x000002788a2560fc [0x000002788a255040+0x00000000000010bc]
J 2747 c2 androidx.compose.ui.node.LayoutNodeWrapper.draw(Landroidx/compose/ui/graphics/Canvas;)V (71 bytes) @ 0x0000027891377a14 [0x00000278913774e0+0x0000000000000534]
J 2063 c1 androidx.compose.ui.node.ModifiedLayoutNode.performDraw(Landroidx/compose/ui/graphics/Canvas;)V (38 bytes) @ 0x000002788a0cd98c [0x000002788a0cd5e0+0x00000000000003ac]
J 2747 c2 androidx.compose.ui.node.LayoutNodeWrapper.draw(Landroidx/compose/ui/graphics/Canvas;)V (71 bytes) @ 0x0000027891377640 [0x00000278913774e0+0x0000000000000160]
J 2915 c1 androidx.compose.ui.node.LayoutNodeDrawScope.drawContent()V (43 bytes) @ 0x000002788a23eb64 [0x000002788a23e960+0x0000000000000204]
j  androidx.compose.foundation.BorderKt$drawRoundRectBorder$1.invoke(Landroidx/compose/ui/graphics/drawscope/ContentDrawScope;)V+7
j  androidx.compose.foundation.BorderKt$drawRoundRectBorder$1.invoke(Ljava/lang/Object;)Ljava/lang/Object;+5
j  androidx.compose.ui.draw.DrawContentCacheModifier.draw(Landroidx/compose/ui/graphics/drawscope/ContentDrawScope;)V+21
J 2748 c1 androidx.compose.ui.node.ModifiedDrawNode.performDraw(Landroidx/compose/ui/graphics/Canvas;)V (337 bytes) @ 0x000002788a1ec86c [0x000002788a1eada0+0x0000000000001acc]
J 2747 c2 androidx.compose.ui.node.LayoutNodeWrapper.draw(Landroidx/compose/ui/graphics/Canvas;)V (71 bytes) @ 0x0000027891377640 [0x00000278913774e0+0x0000000000000160]
J 2063 c1 androidx.compose.ui.node.ModifiedLayoutNode.performDraw(Landroidx/compose/ui/graphics/Canvas;)V (38 bytes) @ 0x000002788a0cd98c [0x000002788a0cd5e0+0x00000000000003ac]
J 2747 c2 androidx.compose.ui.node.LayoutNodeWrapper.draw(Landroidx/compose/ui/graphics/Canvas;)V (71 bytes) @ 0x0000027891377640 [0x00000278913774e0+0x0000000000000160]
J 2063 c1 androidx.compose.ui.node.ModifiedLayoutNode.performDraw(Landroidx/compose/ui/graphics/Canvas;)V (38 bytes) @ 0x000002788a0cd98c [0x000002788a0cd5e0+0x00000000000003ac]
J 3031 c1 androidx.compose.ui.node.LayoutNodeWrapper$invoke$1.invoke()Ljava/lang/Object; (8 bytes) @ 0x000002788a275b9c [0x000002788a275a40+0x000000000000015c]
J 2626 c2 androidx.compose.runtime.snapshots.SnapshotStateObserver.observeReads(Ljava/lang/Object;Lkotlin/jvm/functions/Function1;Lkotlin/jvm/functions/Function0;)V (561 bytes) @ 0x000002789136d504 [0x000002789136c880+0x0000000000000c84]
J 2909 c1 androidx.compose.ui.node.LayoutNodeWrapper.invoke(Landroidx/compose/ui/graphics/Canvas;)V (57 bytes) @ 0x000002788a23d974 [0x000002788a23d2a0+0x00000000000006d4]
J 2908 c1 androidx.compose.ui.node.LayoutNodeWrapper.invoke(Ljava/lang/Object;)Ljava/lang/Object; (12 bytes) @ 0x000002788a23ce4c [0x000002788a23cc40+0x000000000000020c]
J 2971 c1 androidx.compose.ui.platform.SkiaLayer.performDrawLayer(Landroidx/compose/ui/graphics/Canvas;Landroidx/compose/ui/geometry/Rect;)V (251 bytes) @ 0x000002788a2560fc [0x000002788a255040+0x00000000000010bc]
J 2747 c2 androidx.compose.ui.node.LayoutNodeWrapper.draw(Landroidx/compose/ui/graphics/Canvas;)V (71 bytes) @ 0x0000027891377a14 [0x00000278913774e0+0x0000000000000534]
J 2063 c1 androidx.compose.ui.node.ModifiedLayoutNode.performDraw(Landroidx/compose/ui/graphics/Canvas;)V (38 bytes) @ 0x000002788a0cd98c [0x000002788a0cd5e0+0x00000000000003ac]
J 2747 c2 androidx.compose.ui.node.LayoutNodeWrapper.draw(Landroidx/compose/ui/graphics/Canvas;)V (71 bytes) @ 0x0000027891377640 [0x00000278913774e0+0x0000000000000160]
J 2413 c1 androidx.compose.ui.node.InnerPlaceable.performDraw(Landroidx/compose/ui/graphics/Canvas;)V (113 bytes) @ 0x000002788a15a254 [0x000002788a159ba0+0x00000000000006b4]
J 2747 c2 androidx.compose.ui.node.LayoutNodeWrapper.draw(Landroidx/compose/ui/graphics/Canvas;)V (71 bytes) @ 0x0000027891377640 [0x00000278913774e0+0x0000000000000160]
J 2063 c1 androidx.compose.ui.node.ModifiedLayoutNode.performDraw(Landroidx/compose/ui/graphics/Canvas;)V (38 bytes) @ 0x000002788a0cd98c [0x000002788a0cd5e0+0x00000000000003ac]
J 2998 c2 androidx.compose.ui.node.DelegatingLayoutNodeWrapper.performDraw(Landroidx/compose/ui/graphics/Canvas;)V (15 bytes) @ 0x0000027891394f44 [0x0000027891394de0+0x0000000000000164]
J 2747 c2 androidx.compose.ui.node.LayoutNodeWrapper.draw(Landroidx/compose/ui/graphics/Canvas;)V (71 bytes) @ 0x0000027891377640 [0x00000278913774e0+0x0000000000000160]
J 2413 c1 androidx.compose.ui.node.InnerPlaceable.performDraw(Landroidx/compose/ui/graphics/Canvas;)V (113 bytes) @ 0x000002788a15a254 [0x000002788a159ba0+0x00000000000006b4]
J 2747 c2 androidx.compose.ui.node.LayoutNodeWrapper.draw(Landroidx/compose/ui/graphics/Canvas;)V (71 bytes) @ 0x0000027891377640 [0x00000278913774e0+0x0000000000000160]
J 2063 c1 androidx.compose.ui.node.ModifiedLayoutNode.performDraw(Landroidx/compose/ui/graphics/Canvas;)V (38 bytes) @ 0x000002788a0cd98c [0x000002788a0cd5e0+0x00000000000003ac]
J 3031 c1 androidx.compose.ui.node.LayoutNodeWrapper$invoke$1.invoke()Ljava/lang/Object; (8 bytes) @ 0x000002788a275b9c [0x000002788a275a40+0x000000000000015c]
J 2626 c2 androidx.compose.runtime.snapshots.SnapshotStateObserver.observeReads(Ljava/lang/Object;Lkotlin/jvm/functions/Function1;Lkotlin/jvm/functions/Function0;)V (561 bytes) @ 0x000002789136d4c0 [0x000002789136c880+0x0000000000000c40]
J 2909 c1 androidx.compose.ui.node.LayoutNodeWrapper.invoke(Landroidx/compose/ui/graphics/Canvas;)V (57 bytes) @ 0x000002788a23d974 [0x000002788a23d2a0+0x00000000000006d4]
J 2908 c1 androidx.compose.ui.node.LayoutNodeWrapper.invoke(Ljava/lang/Object;)Ljava/lang/Object; (12 bytes) @ 0x000002788a23ce4c [0x000002788a23cc40+0x000000000000020c]
J 2971 c1 androidx.compose.ui.platform.SkiaLayer.performDrawLayer(Landroidx/compose/ui/graphics/Canvas;Landroidx/compose/ui/geometry/Rect;)V (251 bytes) @ 0x000002788a2560fc [0x000002788a255040+0x00000000000010bc]
J 2747 c2 androidx.compose.ui.node.LayoutNodeWrapper.draw(Landroidx/compose/ui/graphics/Canvas;)V (71 bytes) @ 0x0000027891377a14 [0x00000278913774e0+0x0000000000000534]
J 2413 c1 androidx.compose.ui.node.InnerPlaceable.performDraw(Landroidx/compose/ui/graphics/Canvas;)V (113 bytes) @ 0x000002788a15a254 [0x000002788a159ba0+0x00000000000006b4]
J 2998 c2 androidx.compose.ui.node.DelegatingLayoutNodeWrapper.performDraw(Landroidx/compose/ui/graphics/Canvas;)V (15 bytes) @ 0x0000027891394f44 [0x0000027891394de0+0x0000000000000164]
J 2998 c2 androidx.compose.ui.node.DelegatingLayoutNodeWrapper.performDraw(Landroidx/compose/ui/graphics/Canvas;)V (15 bytes) @ 0x0000027891394f44 [0x0000027891394de0+0x0000000000000164]
J 2998 c2 androidx.compose.ui.node.DelegatingLayoutNodeWrapper.performDraw(Landroidx/compose/ui/graphics/Canvas;)V (15 bytes) @ 0x0000027891394f44 [0x0000027891394de0+0x0000000000000164]
J 2998 c2 androidx.compose.ui.node.DelegatingLayoutNodeWrapper.performDraw(Landroidx/compose/ui/graphics/Canvas;)V (15 bytes) @ 0x0000027891394f44 [0x0000027891394de0+0x0000000000000164]
J 2998 c2 androidx.compose.ui.node.DelegatingLayoutNodeWrapper.performDraw(Landroidx/compose/ui/graphics/Canvas;)V (15 bytes) @ 0x0000027891394f44 [0x0000027891394de0+0x0000000000000164]
J 2998 c2 androidx.compose.ui.node.DelegatingLayoutNodeWrapper.performDraw(Landroidx/compose/ui/graphics/Canvas;)V (15 bytes) @ 0x0000027891394f44 [0x0000027891394de0+0x0000000000000164]
J 2747 c2 androidx.compose.ui.node.LayoutNodeWrapper.draw(Landroidx/compose/ui/graphics/Canvas;)V (71 bytes) @ 0x0000027891377640 [0x00000278913774e0+0x0000000000000160]
J 2046 c1 androidx.compose.ui.node.LayoutNode.draw$ui(Landroidx/compose/ui/graphics/Canvas;)V (16 bytes) @ 0x000002788a0c73ac [0x000002788a0c7040+0x000000000000036c]
j  androidx.compose.ui.platform.SkiaBasedOwner.draw(Lorg/jetbrains/skia/Canvas;)V+15
j  androidx.compose.ui.platform.SkiaBasedOwner.render(Lorg/jetbrains/skia/Canvas;)V+23
j  androidx.compose.ui.ComposeScene.render(Lorg/jetbrains/skia/Canvas;J)V+172
j  androidx.compose.ui.awt.ComposeLayer$1.onRender(Lorg/jetbrains/skia/Canvas;IIJ)V+17
j  org.jetbrains.skiko.SkiaLayer.update$skiko(J)V+230
j  org.jetbrains.skiko.redrawer.Direct3DRedrawer.update(J)V+5
j  org.jetbrains.skiko.redrawer.Direct3DRedrawer.access$update(Lorg/jetbrains/skiko/redrawer/Direct3DRedrawer;J)V+2
j  org.jetbrains.skiko.redrawer.Direct3DRedrawer$frameDispatcher$1.invokeSuspend(Ljava/lang/Object;)Ljava/lang/Object;+56
j  org.jetbrains.skiko.redrawer.Direct3DRedrawer$frameDispatcher$1.invoke(Lkotlin/coroutines/Continuation;)Ljava/lang/Object;+11
j  org.jetbrains.skiko.redrawer.Direct3DRedrawer$frameDispatcher$1.invoke(Ljava/lang/Object;)Ljava/lang/Object;+5
j  org.jetbrains.skiko.FrameDispatcher$job$1.invokeSuspend(Ljava/lang/Object;)Ljava/lang/Object;+100
J 1774 c1 kotlin.coroutines.jvm.internal.BaseContinuationImpl.resumeWith(Ljava/lang/Object;)V (142 bytes) @ 0x000002788a01d91c [0x000002788a01d5c0+0x000000000000035c]
J 1814 c1 kotlinx.coroutines.DispatchedTask.run()V (658 bytes) @ 0x000002788a03913c [0x000002788a038000+0x000000000000113c]
J 1781 c1 java.awt.event.InvocationEvent.dispatch()V java.desktop@16.0.2 (69 bytes) @ 0x000002788a0234ac [0x000002788a023280+0x000000000000022c]
J 1965 c1 java.awt.EventQueue.dispatchEventImpl(Ljava/awt/AWTEvent;Ljava/lang/Object;)V java.desktop@16.0.2 (136 bytes) @ 0x000002788a0a5584 [0x000002788a0a3a00+0x0000000000001b84]
J 1964 c1 java.awt.EventQueue$4.run()Ljava/lang/Void; java.desktop@16.0.2 (60 bytes) @ 0x000002788a0a32c4 [0x000002788a0a3180+0x0000000000000144]
J 1767 c1 java.awt.EventQueue.dispatchEvent(Ljava/awt/AWTEvent;)V java.desktop@16.0.2 (80 bytes) @ 0x000002788a0179ac [0x000002788a0173e0+0x00000000000005cc]
J 1770 c1 java.awt.EventDispatchThread.pumpOneEventForFilters(I)V java.desktop@16.0.2 (113 bytes) @ 0x000002788a01b544 [0x000002788a01aea0+0x00000000000006a4]
j  java.awt.EventDispatchThread.pumpEventsForFilter(ILjava/awt/Conditional;Ljava/awt/EventFilter;)V+35 java.desktop@16.0.2
j  java.awt.EventDispatchThread.pumpEventsForHierarchy(ILjava/awt/Conditional;Ljava/awt/Component;)V+11 java.desktop@16.0.2
j  java.awt.EventDispatchThread.pumpEvents(ILjava/awt/Conditional;)V+4 java.desktop@16.0.2
j  java.awt.EventDispatchThread.pumpEvents(Ljava/awt/Conditional;)V+3 java.desktop@16.0.2
j  java.awt.EventDispatchThread.run()V+9 java.desktop@16.0.2
v  ~StubRoutines::call_stub

siginfo: EXCEPTION_ACCESS_VIOLATION (0xc0000005), reading address 0x0000000000000000


Register to memory mapping:

RIP=0x00007ffd65de8f1c skiko-windows-x64.dll
RAX=0x00000278a7bfa820 points into unknown readable memory: 0x00007ffd668c09d8 | d8 09 8c 66 fd 7f 00 00
RBX=0x0000009ab76fa7d0 is pointing into the stack for thread: 0x00000278a6a0ef90
RCX=0x0 is NULL
RDX=0x0000009ab76fa6f0 is pointing into the stack for thread: 0x00000278a6a0ef90
RSP=0x0000009ab76fa620 is pointing into the stack for thread: 0x00000278a6a0ef90
RBP=0x0000000000000001 is an unknown value
RSI=0x00000278b0548de0 points into unknown readable memory: 0x00007ffd66889828 | 28 98 88 66 fd 7f 00 00
RDI=0x0 is NULL
R8 =0x0000000000000001 is an unknown value
R9 =0x0 is NULL
R10=0x00007ffd79771160 jvm.dll
R11=0x000000000000000e is an unknown value
R12=0x00000278a6a0f2a0 points into unknown readable memory: 0x00007ffd796f33d0 | d0 33 6f 79 fd 7f 00 00
R13=0x0000009ab76fa9f0 is pointing into the stack for thread: 0x00000278a6a0ef90
R14=0x00000278b102abb8 points into unknown readable memory: 0x0000000000000030 | 30 00 00 00 00 00 00 00
R15=0x00000278b102abb8 points into unknown readable memory: 0x0000000000000030 | 30 00 00 00 00 00 00 00


Registers:
RAX=0x00000278a7bfa820, RBX=0x0000009ab76fa7d0, RCX=0x0000000000000000, RDX=0x0000009ab76fa6f0
RSP=0x0000009ab76fa620, RBP=0x0000000000000001, RSI=0x00000278b0548de0, RDI=0x0000000000000000
R8 =0x0000000000000001, R9 =0x0000000000000000, R10=0x00007ffd79771160, R11=0x000000000000000e
R12=0x00000278a6a0f2a0, R13=0x0000009ab76fa9f0, R14=0x00000278b102abb8, R15=0x00000278b102abb8
RIP=0x00007ffd65de8f1c, EFLAGS=0x0000000000010202

Top of Stack: (sp=0x0000009ab76fa620)
0x0000009ab76fa620:   0000009ab76fa9f0 00007ffd790664b7
0x0000009ab76fa630:   0000000000000000 00007ffd6683eb38
0x0000009ab76fa640:   0000000000000000 00000278b0548de0
0x0000009ab76fa650:   0000000000000001 00007ffd65cd441a
0x0000009ab76fa660:   0000009ab76fa9f0 00000278a6a0f2a0
0x0000009ab76fa670:   0000009ab76fa7d0 00000000000018c6
0x0000009ab76fa680:   0000009ab76fa7f0 00007ffd6683ea48
0x0000009ab76fa690:   0000000000000000 0000000000000090
0x0000009ab76fa6a0:   00000000ffffffff 00000278a6a00000
0x0000009ab76fa6b0:   0000000000000090 00007ffd6678b1ff
0x0000009ab76fa6c0:   00000278a7bfa820 00000278b102af30
0x0000009ab76fa6d0:   00000000ffffffff 00000278b102abb8
0x0000009ab76fa6e0:   0000000000000101 00007ffd65cde979
0x0000009ab76fa6f0:   00000278b5722200 0000000000000001
0x0000009ab76fa700:   0000009ab76fa7f0 0000000000000001
0x0000009ab76fa710:   0000009ab76fa7c0 0000009ab76fa7d0 

Instructions: (pc=0x00007ffd65de8f1c)
0x00007ffd65de8e1c:   cc cc cc cc cc cc cc cc cc cc cc cc cc cc cc cc
0x00007ffd65de8e2c:   cc cc cc cc cc cc cc cc cc cc cc cc cc cc cc cc
0x00007ffd65de8e3c:   cc cc cc cc cc cc cc cc cc cc cc cc cc cc cc cc
0x00007ffd65de8e4c:   cc cc cc cc cc cc cc cc cc cc cc cc cc cc cc cc
0x00007ffd65de8e5c:   cc cc cc cc cc cc cc cc cc cc cc cc cc cc cc cc
0x00007ffd65de8e6c:   cc cc cc cc cc cc cc cc cc cc cc cc cc cc cc cc
0x00007ffd65de8e7c:   cc cc cc cc cc cc cc cc cc cc cc cc cc cc cc cc
0x00007ffd65de8e8c:   cc cc cc cc cc cc cc cc cc cc cc cc cc cc cc cc
0x00007ffd65de8e9c:   cc cc cc cc cc cc cc cc cc cc cc cc cc cc cc cc
0x00007ffd65de8eac:   cc cc cc cc cc cc cc cc cc cc cc cc cc cc cc cc
0x00007ffd65de8ebc:   cc cc cc cc cc cc cc cc cc cc cc cc cc cc cc cc
0x00007ffd65de8ecc:   cc cc cc cc cc cc cc cc cc cc cc cc cc cc cc cc
0x00007ffd65de8edc:   cc cc cc cc cc cc cc cc cc cc cc cc cc cc cc cc
0x00007ffd65de8eec:   cc cc cc cc cc cc cc cc cc cc cc cc cc cc cc cc
0x00007ffd65de8efc:   cc cc cc cc cc cc cc cc cc cc cc cc cc cc cc cc
0x00007ffd65de8f0c:   cc cc cc cc 48 89 5c 24 18 55 56 57 48 83 ec 20
0x00007ffd65de8f1c:   48 8b 19 48 8b fa c7 44 24 40 00 00 00 00 bd 01
0x00007ffd65de8f2c:   00 00 00 48 85 db 74 0e 8b c5 f0 0f c1 43 08 48
0x00007ffd65de8f3c:   8b c3 8b f5 eb 1c 48 8d 4c 24 48 e8 07 c8 e7 ff
0x00007ffd65de8f4c:   48 8b 5c 24 40 be 02 00 00 00 48 8b 00 48 85 c0
0x00007ffd65de8f5c:   74 05 f0 0f c1 68 08 48 89 07 bd ff ff ff ff 40
0x00007ffd65de8f6c:   f6 c6 02 74 1f 48 8b 4c 24 48 83 e6 fd 48 85 c9
0x00007ffd65de8f7c:   74 12 8b c5 f0 0f c1 41 08 83 f8 01 75 06 48 8b
0x00007ffd65de8f8c:   01 ff 50 08 40 f6 c6 01 74 18 48 85 db 74 13 f0
0x00007ffd65de8f9c:   0f c1 6b 08 83 fd 01 75 09 48 8b 03 48 8b cb ff
0x00007ffd65de8fac:   50 08 48 8b 5c 24 50 48 8b c7 48 83 c4 20 5f 5e
0x00007ffd65de8fbc:   5d c3 cc cc cc cc cc cc cc cc cc cc cc cc cc cc
0x00007ffd65de8fcc:   cc cc cc cc cc cc cc cc cc cc cc cc cc cc cc cc
0x00007ffd65de8fdc:   cc cc cc cc cc cc cc cc cc cc cc cc cc cc cc cc
0x00007ffd65de8fec:   cc cc cc cc 44 0f b6 41 14 41 0f b6 c0 41 80 c8
0x00007ffd65de8ffc:   20 24 df 45 0f b6 c0 84 d2 0f b6 c0 44 0f 44 c0
0x00007ffd65de900c:   44 88 41 14 c3 cc cc cc cc cc cc cc cc cc cc cc 


Stack slot to memory mapping:
stack at sp + 0 slots: 0x0000009ab76fa9f0 is pointing into the stack for thread: 0x00000278a6a0ef90
stack at sp + 1 slots: 0x00007ffd790664b7 jvm.dll
stack at sp + 2 slots: 0x0 is NULL
stack at sp + 3 slots: 0x00007ffd6683eb38 skiko-windows-x64.dll
stack at sp + 4 slots: 0x0 is NULL
stack at sp + 5 slots: 0x00000278b0548de0 points into unknown readable memory: 0x00007ffd66889828 | 28 98 88 66 fd 7f 00 00
stack at sp + 6 slots: 0x0000000000000001 is an unknown value
stack at sp + 7 slots: 0x00007ffd65cd441a skiko-windows-x64.dll


---------------  P R O C E S S  ---------------

Threads class SMR info:
_java_thread_list=0x00000278b0979a60, length=24, elements={
0x0000027880844d40, 0x00000278a58d94c0, 0x00000278a58dc8e0, 0x00000278a58f1020,
0x00000278a58f2a30, 0x00000278a58f5be0, 0x00000278a58f8d90, 0x00000278a58fd760,
0x00000278a58fe940, 0x00000278a6402480, 0x00000278a58bbaa0, 0x00000278a6721bb0,
0x00000278a6732c90, 0x00000278a6b521e0, 0x00000278a688fa60, 0x00000278a6b2eb80,
0x00000278a6a0ef90, 0x00000278a770be80, 0x00000278a770ee50, 0x00000278a770c3d0,
0x00000278a770de60, 0x00000278a770d910, 0x00000278a83a06f0, 0x00000278a76b8b70
}

Java Threads: ( => current thread )
  0x0000027880844d40 JavaThread "main" [_thread_blocked, id=17596, stack(0x0000009ab5d00000,0x0000009ab5e00000)]
  0x00000278a58d94c0 JavaThread "Reference Handler" daemon [_thread_blocked, id=9280, stack(0x0000009ab6400000,0x0000009ab6500000)]
  0x00000278a58dc8e0 JavaThread "Finalizer" daemon [_thread_blocked, id=7904, stack(0x0000009ab6500000,0x0000009ab6600000)]
  0x00000278a58f1020 JavaThread "Signal Dispatcher" daemon [_thread_blocked, id=7076, stack(0x0000009ab6600000,0x0000009ab6700000)]
  0x00000278a58f2a30 JavaThread "Attach Listener" daemon [_thread_blocked, id=2016, stack(0x0000009ab6700000,0x0000009ab6800000)]
  0x00000278a58f5be0 JavaThread "Service Thread" daemon [_thread_blocked, id=3008, stack(0x0000009ab6800000,0x0000009ab6900000)]
  0x00000278a58f8d90 JavaThread "Monitor Deflation Thread" daemon [_thread_blocked, id=7240, stack(0x0000009ab6900000,0x0000009ab6a00000)]
  0x00000278a58fd760 JavaThread "C2 CompilerThread0" daemon [_thread_blocked, id=13356, stack(0x0000009ab6a00000,0x0000009ab6b00000)]
  0x00000278a58fe940 JavaThread "C1 CompilerThread0" daemon [_thread_blocked, id=9756, stack(0x0000009ab6b00000,0x0000009ab6c00000)]
  0x00000278a6402480 JavaThread "Sweeper thread" daemon [_thread_blocked, id=17224, stack(0x0000009ab6c00000,0x0000009ab6d00000)]
  0x00000278a58bbaa0 JavaThread "Common-Cleaner" daemon [_thread_blocked, id=5424, stack(0x0000009ab6d00000,0x0000009ab6e00000)]
  0x00000278a6721bb0 JavaThread "Monitor Ctrl-Break" daemon [_thread_in_native, id=9520, stack(0x0000009ab7000000,0x0000009ab7100000)]
  0x00000278a6732c90 JavaThread "Notification Thread" daemon [_thread_blocked, id=1580, stack(0x0000009ab7100000,0x0000009ab7200000)]
  0x00000278a6b521e0 JavaThread "Java2D Disposer" daemon [_thread_blocked, id=1060, stack(0x0000009ab7300000,0x0000009ab7400000)]
  0x00000278a688fa60 JavaThread "AWT-Shutdown" [_thread_blocked, id=6844, stack(0x0000009ab7400000,0x0000009ab7500000)]
  0x00000278a6b2eb80 JavaThread "AWT-Windows" daemon [_thread_in_native, id=11120, stack(0x0000009ab7500000,0x0000009ab7600000)]
=>0x00000278a6a0ef90 JavaThread "AWT-EventQueue-0" [_thread_in_native, id=16776, stack(0x0000009ab7600000,0x0000009ab7700000)]
  0x00000278a770be80 JavaThread "DefaultDispatcher-worker-1" daemon [_thread_blocked, id=18400, stack(0x0000009ab7f00000,0x0000009ab8000000)]
  0x00000278a770ee50 JavaThread "DefaultDispatcher-worker-2" daemon [_thread_blocked, id=9364, stack(0x0000009ab8000000,0x0000009ab8100000)]
  0x00000278a770c3d0 JavaThread "DefaultDispatcher-worker-3" daemon [_thread_blocked, id=16552, stack(0x0000009ab8100000,0x0000009ab8200000)]
  0x00000278a770de60 JavaThread "kotlinx.coroutines.DefaultExecutor" daemon [_thread_blocked, id=12196, stack(0x0000009ab8200000,0x0000009ab8300000)]
  0x00000278a770d910 JavaThread "Cleaner-0" daemon [_thread_blocked, id=11356, stack(0x0000009ab8300000,0x0000009ab8400000)]
  0x00000278a83a06f0 JavaThread "timeAndDate" daemon [_thread_blocked, id=5088, stack(0x0000009ab6f00000,0x0000009ab7000000)]
  0x00000278a76b8b70 JavaThread "C2 CompilerThread1" daemon [_thread_blocked, id=12792, stack(0x0000009ab6e00000,0x0000009ab6f00000)]

Other Threads:
  0x00000278a58d6240 VMThread "VM Thread" [stack: 0x0000009ab6300000,0x0000009ab6400000] [id=17944]
  0x00000278a676a3a0 WatcherThread [stack: 0x0000009ab7200000,0x0000009ab7300000] [id=16760]
  0x0000027880897510 GCTaskThread "GC Thread#0" [stack: 0x0000009ab5e00000,0x0000009ab5f00000] [id=11868]
  0x00000278a7806270 GCTaskThread "GC Thread#1" [stack: 0x0000009ab7900000,0x0000009ab7a00000] [id=10328]
  0x00000278a78049f0 GCTaskThread "GC Thread#2" [stack: 0x0000009ab7a00000,0x0000009ab7b00000] [id=1780]
  0x00000278a7806890 GCTaskThread "GC Thread#3" [stack: 0x0000009ab7b00000,0x0000009ab7c00000] [id=7956]
  0x00000278a78043d0 GCTaskThread "GC Thread#4" [stack: 0x0000009ab7c00000,0x0000009ab7d00000] [id=12276]
  0x00000278a7805010 GCTaskThread "GC Thread#5" [stack: 0x0000009ab7d00000,0x0000009ab7e00000] [id=15336]
  0x00000278a7805940 GCTaskThread "GC Thread#6" [stack: 0x0000009ab7e00000,0x0000009ab7f00000] [id=14420]
  0x00000278a6fc8310 GCTaskThread "GC Thread#7" [stack: 0x0000009ab8a00000,0x0000009ab8b00000] [id=15028]
  0x00000278a6fc8930 GCTaskThread "GC Thread#8" [stack: 0x0000009ab8b00000,0x0000009ab8c00000] [id=9508]
  0x00000278a6fcb720 GCTaskThread "GC Thread#9" [stack: 0x0000009ab8c00000,0x0000009ab8d00000] [id=11388]
  0x00000278808a8ca0 ConcurrentGCThread "G1 Main Marker" [stack: 0x0000009ab5f00000,0x0000009ab6000000] [id=3828]
  0x00000278808a9eb0 ConcurrentGCThread "G1 Conc#0" [stack: 0x0000009ab6000000,0x0000009ab6100000] [id=16976]
  0x00000278b0828f10 ConcurrentGCThread "G1 Conc#1" [stack: 0x0000009ab8e00000,0x0000009ab8f00000] [id=17884]
  0x00000278b0826d60 ConcurrentGCThread "G1 Conc#2" [stack: 0x0000009ab8f00000,0x0000009ab9000000] [id=5532]
  0x000002788091ea90 ConcurrentGCThread "G1 Refine#0" [stack: 0x0000009ab6100000,0x0000009ab6200000] [id=17556]
  0x00000278a5789610 ConcurrentGCThread "G1 Service" [stack: 0x0000009ab6200000,0x0000009ab6300000] [id=7588]

Threads with active compile tasks:

VM state: not at safepoint (normal execution)

VM Mutex/Monitor currently owned by a thread: None

Heap address: 0x0000000700c00000, size: 4084 MB, Compressed Oops mode: Zero based, Oop shift amount: 3

CDS archive(s) mapped at: [0x0000000800000000-0x0000000800bb0000-0x0000000800bb0000), size 12255232, SharedBaseAddress: 0x0000000800000000, ArchiveRelocationMode: 0.
Compressed class space mapped at: 0x0000000800c00000-0x0000000840c00000, reserved size: 1073741824
Narrow klass base: 0x0000000800000000, Narrow klass shift: 3, Narrow klass range: 0x100000000

GC Precious Log:
 CPUs: 12 total, 12 available
 Memory: 16334M
 Large Page Support: Disabled
 NUMA Support: Disabled
 Compressed Oops: Enabled (Zero based)
 Heap Region Size: 2M
 Heap Min Capacity: 8M
 Heap Initial Capacity: 256M
 Heap Max Capacity: 4084M
 Pre-touch: Disabled
 Parallel Workers: 10
 Concurrent Workers: 3
 Concurrent Refinement Workers: 10
 Periodic GC: Disabled

Heap:
 garbage-first heap   total 55296K, used 30547K [0x0000000700c00000, 0x0000000800000000)
  region size 2048K, 8 young (16384K), 3 survivors (6144K)
 Metaspace       used 21673K, committed 21888K, reserved 1073152K
  class space    used 2273K, committed 2368K, reserved 1048576K

Heap Regions: E=young(eden), S=young(survivor), O=old, HS=humongous(starts), HC=humongous(continues), CS=collection set, F=free, OA=open archive, CA=closed archive, TAMS=top-at-mark-start (previous, next)
|   0|0x0000000700c00000, 0x0000000700e00000, 0x0000000700e00000|100%|HS|  |TAMS 0x0000000700c00000, 0x0000000700c00000| Complete 
|   1|0x0000000700e00000, 0x0000000701000000, 0x0000000701000000|100%|HC|  |TAMS 0x0000000700e00000, 0x0000000700e00000| Complete 
|   2|0x0000000701000000, 0x0000000701200000, 0x0000000701200000|100%|HS|  |TAMS 0x0000000701200000, 0x0000000701000000| Complete 
|   3|0x0000000701200000, 0x0000000701400000, 0x0000000701400000|100%|HC|  |TAMS 0x0000000701400000, 0x0000000701200000| Complete 
|   4|0x0000000701400000, 0x0000000701600000, 0x0000000701600000|100%|HC|  |TAMS 0x0000000701600000, 0x0000000701400000| Complete 
|   5|0x0000000701600000, 0x0000000701800000, 0x0000000701800000|100%|HC|  |TAMS 0x0000000701800000, 0x0000000701600000| Complete 
|   6|0x0000000701800000, 0x0000000701a00000, 0x0000000701a00000|100%|HS|  |TAMS 0x0000000701800000, 0x0000000701800000| Complete 
|   7|0x0000000701a00000, 0x0000000701c00000, 0x0000000701c00000|100%|HC|  |TAMS 0x0000000701a00000, 0x0000000701a00000| Complete 
|   8|0x0000000701c00000, 0x0000000701c00000, 0x0000000701e00000|  0%| F|  |TAMS 0x0000000701c00000, 0x0000000701c00000| Untracked 
|   9|0x0000000701e00000, 0x0000000701e00000, 0x0000000702000000|  0%| F|  |TAMS 0x0000000701e00000, 0x0000000701e00000| Untracked 
|  10|0x0000000702000000, 0x0000000702000000, 0x0000000702200000|  0%| F|  |TAMS 0x0000000702000000, 0x0000000702000000| Untracked 
|  11|0x0000000702200000, 0x0000000702200000, 0x0000000702400000|  0%| F|  |TAMS 0x0000000702200000, 0x0000000702200000| Untracked 
|  12|0x0000000702400000, 0x0000000702400000, 0x0000000702600000|  0%| F|  |TAMS 0x0000000702400000, 0x0000000702400000| Untracked 
|  13|0x0000000702600000, 0x0000000702600000, 0x0000000702800000|  0%| F|  |TAMS 0x0000000702600000, 0x0000000702600000| Untracked 
|  14|0x0000000702800000, 0x0000000702800000, 0x0000000702a00000|  0%| F|  |TAMS 0x0000000702800000, 0x0000000702800000| Untracked 
|  15|0x0000000702a00000, 0x0000000702a00000, 0x0000000702c00000|  0%| F|  |TAMS 0x0000000702a00000, 0x0000000702a00000| Untracked 
|  16|0x0000000702c00000, 0x0000000702c00000, 0x0000000702e00000|  0%| F|  |TAMS 0x0000000702c00000, 0x0000000702c00000| Untracked 
|  17|0x0000000702e00000, 0x0000000702e00000, 0x0000000703000000|  0%| F|  |TAMS 0x0000000702e00000, 0x0000000702e00000| Untracked 
|  18|0x0000000703000000, 0x0000000703000000, 0x0000000703200000|  0%| F|  |TAMS 0x0000000703000000, 0x0000000703000000| Untracked 
|  19|0x0000000703200000, 0x0000000703300800, 0x0000000703400000| 50%| E|  |TAMS 0x0000000703200000, 0x0000000703200000| Complete 
|  20|0x0000000703400000, 0x0000000703600000, 0x0000000703600000|100%| E|CS|TAMS 0x0000000703400000, 0x0000000703400000| Complete 
|  21|0x0000000703600000, 0x0000000703800000, 0x0000000703800000|100%| E|CS|TAMS 0x0000000703600000, 0x0000000703600000| Complete 
|  22|0x0000000703800000, 0x0000000703a00000, 0x0000000703a00000|100%| E|CS|TAMS 0x0000000703800000, 0x0000000703800000| Complete 
| 117|0x000000070f600000, 0x000000070f7d4c00, 0x000000070f800000| 91%| S|CS|TAMS 0x000000070f600000, 0x000000070f600000| Complete 
| 118|0x000000070f800000, 0x000000070fa00000, 0x000000070fa00000|100%| S|CS|TAMS 0x000000070f800000, 0x000000070f800000| Complete 
| 119|0x000000070fa00000, 0x000000070fc00000, 0x000000070fc00000|100%| S|CS|TAMS 0x000000070fa00000, 0x000000070fa00000| Complete 
| 127|0x0000000710a00000, 0x0000000710c00000, 0x0000000710c00000|100%| E|CS|TAMS 0x0000000710a00000, 0x0000000710a00000| Complete 

Card table byte_map: [0x0000027899c10000,0x000002789a410000] _byte_map_base: 0x000002789640a000

Marking Bits (Prev, Next): (CMBitMap*) 0x0000027880897bc0, (CMBitMap*) 0x0000027880897b80
 Prev Bits: [0x000002789ebe0000, 0x00000278a2bb0000)
 Next Bits: [0x000002789ac10000, 0x000002789ebe0000)

Polling page: 0x0000027880920000

Metaspace:

Usage:
  Non-class:     18.95 MB used.
      Class:      2.22 MB used.
       Both:     21.17 MB used.

Virtual space:
  Non-class space:       24.00 MB reserved,      19.06 MB ( 79%) committed,  3 nodes.
      Class space:        1.00 GB reserved,       2.31 MB ( <1%) committed,  1 nodes.
              Both:        1.02 GB reserved,      21.38 MB (  2%) committed. 

Chunk freelists:
   Non-Class:  880.00 KB
       Class:  1.70 MB
        Both:  2.56 MB

MaxMetaspaceSize: 17179869184.00 GB
CompressedClassSpaceSize: 1.00 GB
 - commit_granule_bytes: 65536.
 - commit_granule_words: 8192.
 - virtual_space_node_default_size: 1048576.
 - enlarge_chunks_in_place: 1.
 - new_chunks_are_fully_committed: 0.
 - uncommit_free_chunks: 1.
 - use_allocation_guard: 0.
 - handle_deallocations: 1.


Internal statistics:

num_allocs_failed_limit: 3.
num_arena_births: 152.
num_arena_deaths: 0.
num_vsnodes_births: 4.
num_vsnodes_deaths: 0.
num_space_committed: 342.
num_space_uncommitted: 0.
num_chunks_returned_to_freelist: 3.
num_chunks_taken_from_freelist: 670.
num_chunk_merges: 3.
num_chunk_splits: 556.
num_chunks_enlarged: 483.
num_purges: 0.

CodeHeap 'non-profiled nmethods': size=120000Kb used=1251Kb max_used=1251Kb free=118748Kb
 bounds [0x0000027891260000, 0x00000278914d0000, 0x0000027898790000]
CodeHeap 'profiled nmethods': size=120000Kb used=5416Kb max_used=5416Kb free=114584Kb
 bounds [0x0000027889d30000, 0x000002788a280000, 0x0000027891260000]
CodeHeap 'non-nmethods': size=5760Kb used=1678Kb max_used=1710Kb free=4081Kb
 bounds [0x0000027889790000, 0x0000027889a00000, 0x0000027889d30000]
 total_blobs=4142 nmethods=3036 adapters=1018
 compilation: enabled
              stopped_count=0, restarted_count=0
 full_count=0

Compilation events (20 events):
Event: 3.142 Thread 0x00000278a58fe940 3026       3       androidx.compose.material.ripple.CommonRippleIndicationInstance::drawIndication (51 bytes)
Event: 3.142 Thread 0x00000278a58fe940 nmethod 3026 0x000002788a273e10 code [0x000002788a274080, 0x000002788a274bb8]
Event: 3.155 Thread 0x00000278a58fe940 3027       3       java.util.ArrayList::<init> (63 bytes)
Event: 3.155 Thread 0x00000278a58fe940 nmethod 3027 0x000002788a274f10 code [0x000002788a275120, 0x000002788a2756d8]
Event: 3.156 Thread 0x00000278a76b8b70 3028       4       androidx.compose.ui.graphics.MatrixKt::isIdentity-58bKbWc (73 bytes)
Event: 3.156 Thread 0x00000278a58fd760 3029       4       kotlinx.coroutines.JobSupport::get (9 bytes)
Event: 3.156 Thread 0x00000278a58fd760 nmethod 3029 0x0000027891397d90 code [0x0000027891397f20, 0x0000027891397fd8]
Event: 3.157 Thread 0x00000278a76b8b70 nmethod 3028 0x0000027891398090 code [0x0000027891398240, 0x00000278913983f8]
Event: 3.173 Thread 0x00000278a58fe940 3030       1       androidx.compose.runtime.Recomposer::access$setWorkContinuation$p (6 bytes)
Event: 3.173 Thread 0x00000278a58fe940 nmethod 3030 0x0000027891398510 code [0x00000278913986a0, 0x0000027891398798]
Event: 3.188 Thread 0x00000278a58fe940 3031       3       androidx.compose.ui.node.LayoutNodeWrapper$invoke$1::invoke (8 bytes)
Event: 3.188 Thread 0x00000278a58fe940 nmethod 3031 0x000002788a275890 code [0x000002788a275a40, 0x000002788a275c88]
Event: 3.189 Thread 0x00000278a58fe940 3032       3       androidx.compose.ui.node.LayoutNodeWrapper$invoke$1::invoke (12 bytes)
Event: 3.189 Thread 0x00000278a58fe940 nmethod 3032 0x000002788a275d90 code [0x000002788a275f40, 0x000002788a276128]
Event: 3.239 Thread 0x00000278a58fe940 3034       3       androidx.compose.runtime.snapshots.SnapshotIdSet::set (603 bytes)
Event: 3.240 Thread 0x00000278a58fe940 nmethod 3034 0x000002788a276210 code [0x000002788a2765c0, 0x000002788a278678]
Event: 3.240 Thread 0x00000278a58fe940 3036       3       androidx.compose.ui.platform.SkiaBasedOwner::onSemanticsChange (19 bytes)
Event: 3.240 Thread 0x00000278a58fe940 nmethod 3036 0x000002788a279410 code [0x000002788a2795c0, 0x000002788a2797f8]
Event: 3.240 Thread 0x00000278a58fe940 3035       3       androidx.compose.runtime.SlotWriter::slotIndex (40 bytes)
Event: 3.240 Thread 0x00000278a58fe940 nmethod 3035 0x000002788a279910 code [0x000002788a279ae0, 0x000002788a279e48]

GC Heap History (6 events):
Event: 0.399 GC heap before
{Heap before GC invocations=0 (full 0):
 garbage-first heap   total 262144K, used 20480K [0x0000000700c00000, 0x0000000800000000)
  region size 2048K, 11 young (22528K), 0 survivors (0K)
 Metaspace       used 8670K, committed 8896K, reserved 1064960K
  class space    used 813K, committed 960K, reserved 1048576K
}
Event: 0.402 GC heap after
{Heap after GC invocations=1 (full 0):
 garbage-first heap   total 262144K, used 2902K [0x0000000700c00000, 0x0000000800000000)
  region size 2048K, 2 young (4096K), 2 survivors (4096K)
 Metaspace       used 8670K, committed 8896K, reserved 1064960K
  class space    used 813K, committed 960K, reserved 1048576K
}
Event: 1.128 GC heap before
{Heap before GC invocations=1 (full 0):
 garbage-first heap   total 262144K, used 52054K [0x0000000700c00000, 0x0000000800000000)
  region size 2048K, 20 young (40960K), 2 survivors (4096K)
 Metaspace       used 19156K, committed 19456K, reserved 1073152K
  class space    used 2041K, committed 2176K, reserved 1048576K
}
Event: 1.132 GC heap after
{Heap after GC invocations=2 (full 0):
 garbage-first heap   total 262144K, used 13278K [0x0000000700c00000, 0x0000000800000000)
  region size 2048K, 3 young (6144K), 3 survivors (6144K)
 Metaspace       used 19156K, committed 19456K, reserved 1073152K
  class space    used 2041K, committed 2176K, reserved 1048576K
}
Event: 2.193 GC heap before
{Heap before GC invocations=2 (full 0):
 garbage-first heap   total 262144K, used 27614K [0x0000000700c00000, 0x0000000800000000)
  region size 2048K, 11 young (22528K), 3 survivors (6144K)
 Metaspace       used 21065K, committed 21248K, reserved 1073152K
  class space    used 2240K, committed 2304K, reserved 1048576K
}
Event: 2.196 GC heap after
{Heap after GC invocations=3 (full 0):
 garbage-first heap   total 262144K, used 14163K [0x0000000700c00000, 0x0000000800000000)
  region size 2048K, 3 young (6144K), 3 survivors (6144K)
 Metaspace       used 21065K, committed 21248K, reserved 1073152K
  class space    used 2240K, committed 2304K, reserved 1048576K
}

Deoptimization events (20 events):
Event: 2.188 Thread 0x00000278a6a0ef90 DEOPT PACKING pc=0x0000027889f82254 sp=0x0000009ab76fcb70
Event: 2.188 Thread 0x00000278a6a0ef90 DEOPT UNPACKING pc=0x00000278897ddece sp=0x0000009ab76fc010 mode 0
Event: 2.188 Thread 0x00000278a6a0ef90 DEOPT PACKING pc=0x0000027889f82254 sp=0x0000009ab76fce20
Event: 2.188 Thread 0x00000278a6a0ef90 DEOPT UNPACKING pc=0x00000278897ddece sp=0x0000009ab76fc2c0 mode 0
Event: 2.188 Thread 0x00000278a6a0ef90 DEOPT PACKING pc=0x0000027889f82254 sp=0x0000009ab76fd0d0
Event: 2.188 Thread 0x00000278a6a0ef90 DEOPT UNPACKING pc=0x00000278897ddece sp=0x0000009ab76fc570 mode 0
Event: 2.188 Thread 0x00000278a6a0ef90 DEOPT PACKING pc=0x0000027889f82254 sp=0x0000009ab76fd380
Event: 2.188 Thread 0x00000278a6a0ef90 DEOPT UNPACKING pc=0x00000278897ddece sp=0x0000009ab76fc820 mode 0
Event: 2.188 Thread 0x00000278a6a0ef90 DEOPT PACKING pc=0x0000027889f82254 sp=0x0000009ab76fd630
Event: 2.188 Thread 0x00000278a6a0ef90 DEOPT UNPACKING pc=0x00000278897ddece sp=0x0000009ab76fcad0 mode 0
Event: 2.188 Thread 0x00000278a6a0ef90 DEOPT PACKING pc=0x0000027889f82254 sp=0x0000009ab76fd8e0
Event: 2.188 Thread 0x00000278a6a0ef90 DEOPT UNPACKING pc=0x00000278897ddece sp=0x0000009ab76fcd80 mode 0
Event: 2.858 Thread 0x00000278a6a0ef90 Uncommon trap: trap_request=0xffffff45 fr.pc=0x000002789133c7ec relative=0x000000000000128c
Event: 2.858 Thread 0x00000278a6a0ef90 Uncommon trap: reason=unstable_if action=reinterpret pc=0x000002789133c7ec method=androidx.compose.runtime.ComposerImpl.end(Z)V @ 712 c2
Event: 2.858 Thread 0x00000278a6a0ef90 DEOPT PACKING pc=0x000002789133c7ec sp=0x0000009ab76fd820
Event: 2.858 Thread 0x00000278a6a0ef90 DEOPT UNPACKING pc=0x00000278897dd72e sp=0x0000009ab76fd780 mode 2
Event: 2.910 Thread 0x00000278a6a0ef90 Uncommon trap: trap_request=0xffffff45 fr.pc=0x000002789134edf4 relative=0x00000000000008b4
Event: 2.910 Thread 0x00000278a6a0ef90 Uncommon trap: reason=unstable_if action=reinterpret pc=0x000002789134edf4 method=androidx.compose.runtime.ComposerImpl.currentCompositionLocalScope()Landroidx/compose/runtime/external/kotlinx/collections/immutable/PersistentMap; @ 23 c2
Event: 2.910 Thread 0x00000278a6a0ef90 DEOPT PACKING pc=0x000002789134edf4 sp=0x0000009ab76fcfc0
Event: 2.910 Thread 0x00000278a6a0ef90 DEOPT UNPACKING pc=0x00000278897dd72e sp=0x0000009ab76fcf70 mode 2

Classes unloaded (0 events):
No events

Classes redefined (0 events):
No events

Internal exceptions (15 events):
Event: 0.085 Thread 0x00000278a6721bb0 Exception <a 'java/lang/NoSuchMethodError'{0x00000007109ea860}: 'java.lang.Object java.lang.invoke.DirectMethodHandle$Holder.invokeStatic(java.lang.Object)'> (0x00000007109ea860) 
thrown [t:\workspace\open\src\hotspot\share\interpreter\linkResolver.cpp, line 790]
Event: 0.085 Thread 0x00000278a6721bb0 Exception <a 'java/lang/NoSuchMethodError'{0x00000007109ee170}: 'java.lang.Object java.lang.invoke.DirectMethodHandle$Holder.invokeStaticInit(java.lang.Object)'> (0x00000007109ee170) 
thrown [t:\workspace\open\src\hotspot\share\interpreter\linkResolver.cpp, line 790]
Event: 0.089 Thread 0x00000278a6721bb0 Exception <a 'java/lang/NoSuchMethodError'{0x00000007109fbe30}: 'void java.lang.invoke.DirectMethodHandle$Holder.invokeStatic(java.lang.Object, java.lang.Object)'> (0x00000007109fbe30) 
thrown [t:\workspace\open\src\hotspot\share\interpreter\linkResolver.cpp, line 790]
Event: 0.131 Thread 0x0000027880844d40 Exception <a 'java/lang/ClassNotFoundException'{0x0000000710563058}: sun/awt/resources/spi/awtProvider> (0x0000000710563058) 
thrown [t:\workspace\open\src\hotspot\share\classfile\systemDictionary.cpp, line 256]
Event: 0.144 Thread 0x0000027880844d40 Exception <a 'java/io/FileNotFoundException'{0x00000007105ba2d8}> (0x00000007105ba2d8) 
thrown [t:\workspace\open\src\hotspot\share\prims\jni.cpp, line 579]
Event: 0.148 Thread 0x0000027880844d40 Exception <a 'java/io/FileNotFoundException'{0x00000007105e8df0}> (0x00000007105e8df0) 
thrown [t:\workspace\open\src\hotspot\share\prims\jni.cpp, line 579]
Event: 0.150 Thread 0x0000027880844d40 Exception <a 'java/lang/NoSuchMethodError'{0x00000007105ee6b8}: 'void java.lang.invoke.DirectMethodHandle$Holder.invokeSpecial(java.lang.Object, java.lang.Object, java.lang.Object)'> (0x00000007105ee6b8) 
thrown [t:\workspace\open\src\hotspot\share\interpreter\linkResolver.cpp, line 790]
Event: 0.356 Thread 0x00000278a6a0ef90 Exception <a 'java/lang/NoSuchMethodError'{0x000000070f978bb0}: 'java.lang.Object java.lang.invoke.DirectMethodHandle$Holder.newInvokeSpecial(java.lang.Object, java.lang.Object, java.lang.Object, java.lang.Object, java.lang.Object)'> (0x000000070f978bb0) 
thrown [t:\workspace\open\src\hotspot\share\interpreter\linkResolver.cpp, line 790]
Event: 0.357 Thread 0x00000278a6a0ef90 Exception <a 'java/lang/NoSuchMethodError'{0x000000070f984940}: 'java.lang.Object java.lang.invoke.DirectMethodHandle$Holder.invokeStatic(java.lang.Object, int, java.lang.Object, java.lang.Object, java.lang.Object, java.lang.Object)'> (0x000000070f984940) 
thrown [t:\workspace\open\src\hotspot\share\interpreter\linkResolver.cpp, line 790]
Event: 0.360 Thread 0x00000278a6a0ef90 Exception <a 'java/lang/NoSuchMethodError'{0x000000070f9aacb0}: 'java.lang.Object java.lang.invoke.DirectMethodHandle$Holder.invokeStatic(java.lang.Object, int, java.lang.Object)'> (0x000000070f9aacb0) 
thrown [t:\workspace\open\src\hotspot\share\interpreter\linkResolver.cpp, line 790]
Event: 0.374 Thread 0x00000278a6a0ef90 Exception <a 'java/lang/ClassNotFoundException'{0x000000070f663448}: com/sun/swing/internal/plaf/metal/resources/spi/metalProvider> (0x000000070f663448) 
thrown [t:\workspace\open\src\hotspot\share\classfile\systemDictionary.cpp, line 256]
Event: 0.374 Thread 0x00000278a6a0ef90 Exception <a 'java/lang/ClassNotFoundException'{0x000000070f667908}: com/sun/swing/internal/plaf/basic/resources/spi/basicProvider> (0x000000070f667908) 
thrown [t:\workspace\open\src\hotspot\share\classfile\systemDictionary.cpp, line 256]
Event: 0.435 Thread 0x00000278a6a0ef90 Exception <a 'java/lang/NoSuchMethodError'{0x00000007108d90d0}: 'void java.lang.invoke.DirectMethodHandle$Holder.invokeStatic(java.lang.Object, java.lang.Object, java.lang.Object)'> (0x00000007108d90d0) 
thrown [t:\workspace\open\src\hotspot\share\interpreter\linkResolver.cpp, line 790]
Event: 0.471 Thread 0x00000278a6a0ef90 Exception <a 'java/lang/NoSuchMethodError'{0x00000007107961b8}: 'void java.lang.invoke.DirectMethodHandle$Holder.invokeStaticInit(java.lang.Object)'> (0x00000007107961b8) 
thrown [t:\workspace\open\src\hotspot\share\interpreter\linkResolver.cpp, line 790]
Event: 0.911 Thread 0x00000278a6b2eb80 Exception <a 'java/lang/NoSuchMethodError'{0x00000007107304b8}: 'void java.lang.invoke.DirectMethodHandle$Holder.invokeVirtual(java.lang.Object, java.lang.Object)'> (0x00000007107304b8) 
thrown [t:\workspace\open\src\hotspot\share\interpreter\linkResolver.cpp, line 790]

Events (20 events):
Event: 2.176 Executing  VM operation: HandshakeAllThreads
Event: 2.176 Executing  VM operation: HandshakeAllThreads done
Event: 2.186 loading class java/lang/ArrayIndexOutOfBoundsException
Event: 2.186 loading class java/lang/ArrayIndexOutOfBoundsException done
Event: 2.187 Thread 0x00000278c1cc23a0 Thread added: 0x00000278c1cc23a0
Event: 2.193 Executing  VM operation: CollectForMetadataAllocation
Event: 2.196 Executing  VM operation: CollectForMetadataAllocation done
Event: 2.198 Executing  VM operation: G1Concurrent
Event: 2.199 Executing  VM operation: G1Concurrent done
Event: 2.199 Executing  VM operation: G1Concurrent
Event: 2.199 Executing  VM operation: G1Concurrent done
Event: 2.216 Executing  VM operation: HandshakeAllThreads
Event: 2.216 Executing  VM operation: HandshakeAllThreads done
Event: 2.574 Thread 0x00000278c1cc23a0 Thread exited: 0x00000278c1cc23a0
Event: 2.574 Thread 0x00000278b051d9b0 Thread exited: 0x00000278b051d9b0
Event: 2.911 Thread 0x00000278a76b8b70 Thread added: 0x00000278a76b8b70
Event: 2.921 Executing  VM operation: ICBufferFull
Event: 2.921 Executing  VM operation: ICBufferFull done
Event: 2.935 Thread 0x00000278c1cfdf00 Thread added: 0x00000278c1cfdf00
Event: 3.188 Thread 0x00000278c1cfdf00 Thread exited: 0x00000278c1cfdf00


Dynamic libraries:
0x00007ff7ed390000 - 0x00007ff7ed39e000 	C:\Users\longi\.jdks\openjdk-16.0.2\bin\java.exe
0x00007ffdd5740000 - 0x00007ffdd5947000 	C:\WINDOWS\SYSTEM32\ntdll.dll
0x00007ffdd3e40000 - 0x00007ffdd3efd000 	C:\WINDOWS\System32\KERNEL32.DLL
0x00007ffdd2c20000 - 0x00007ffdd2f94000 	C:\WINDOWS\System32\KERNELBASE.dll
0x00007ffdd3090000 - 0x00007ffdd31a1000 	C:\WINDOWS\System32\ucrtbase.dll
0x00007ffdb8400000 - 0x00007ffdb8419000 	C:\Users\longi\.jdks\openjdk-16.0.2\bin\VCRUNTIME140.dll
0x00007ffdb21e0000 - 0x00007ffdb21f8000 	C:\Users\longi\.jdks\openjdk-16.0.2\bin\jli.dll
0x00007ffdd5300000 - 0x00007ffdd54ac000 	C:\WINDOWS\System32\USER32.dll
0x00007ffdc0940000 - 0x00007ffdc0be5000 	C:\WINDOWS\WinSxS\amd64_microsoft.windows.common-controls_6595b64144ccf1df_6.0.22000.120_none_9d947278b86cc467\COMCTL32.dll
0x00007ffdd2fa0000 - 0x00007ffdd2fc6000 	C:\WINDOWS\System32\win32u.dll
0x00007ffdd3d80000 - 0x00007ffdd3e23000 	C:\WINDOWS\System32\msvcrt.dll
0x00007ffdd5130000 - 0x00007ffdd5159000 	C:\WINDOWS\System32\GDI32.dll
0x00007ffdd3340000 - 0x00007ffdd3452000 	C:\WINDOWS\System32\gdi32full.dll
0x00007ffdd31b0000 - 0x00007ffdd324d000 	C:\WINDOWS\System32\msvcp_win.dll
0x00007ffdd5580000 - 0x00007ffdd55b1000 	C:\WINDOWS\System32\IMM32.DLL
0x00007ffdce720000 - 0x00007ffdce72c000 	C:\Users\longi\.jdks\openjdk-16.0.2\bin\vcruntime140_1.dll
0x00007ffd9ef10000 - 0x00007ffd9efa1000 	C:\Users\longi\.jdks\openjdk-16.0.2\bin\msvcp140.dll
0x00007ffd78c80000 - 0x00007ffd7982b000 	C:\Users\longi\.jdks\openjdk-16.0.2\bin\server\jvm.dll
0x00007ffdd54b0000 - 0x00007ffdd555c000 	C:\WINDOWS\System32\ADVAPI32.dll
0x00007ffdd4ff0000 - 0x00007ffdd508d000 	C:\WINDOWS\System32\sechost.dll
0x00007ffdd47e0000 - 0x00007ffdd4901000 	C:\WINDOWS\System32\RPCRT4.dll
0x00007ffdd3e30000 - 0x00007ffdd3e38000 	C:\WINDOWS\System32\PSAPI.DLL
0x00007ffdc7bb0000 - 0x00007ffdc7bb9000 	C:\WINDOWS\SYSTEM32\WSOCK32.dll
0x00007ffdc7ea0000 - 0x00007ffdc7ed3000 	C:\WINDOWS\SYSTEM32\WINMM.dll
0x00007ffdcd800000 - 0x00007ffdcd80a000 	C:\WINDOWS\SYSTEM32\VERSION.dll
0x00007ffdd4f00000 - 0x00007ffdd4f6f000 	C:\WINDOWS\System32\WS2_32.dll
0x00007ffdd1df0000 - 0x00007ffdd1e08000 	C:\WINDOWS\SYSTEM32\kernel.appcore.dll
0x00007ffdbed50000 - 0x00007ffdbed5a000 	C:\Users\longi\.jdks\openjdk-16.0.2\bin\jimage.dll
0x00007ffdcc460000 - 0x00007ffdcc681000 	C:\WINDOWS\SYSTEM32\DBGHELP.DLL
0x00007ffdcc020000 - 0x00007ffdcc051000 	C:\WINDOWS\SYSTEM32\dbgcore.DLL
0x00007ffdd3250000 - 0x00007ffdd32d0000 	C:\WINDOWS\System32\bcryptPrimitives.dll
0x00007ffdbc300000 - 0x00007ffdbc30e000 	C:\Users\longi\.jdks\openjdk-16.0.2\bin\instrument.dll
0x00007ffd9f150000 - 0x00007ffd9f175000 	C:\Users\longi\.jdks\openjdk-16.0.2\bin\java.dll
0x00007ffdd35d0000 - 0x00007ffdd3d7a000 	C:\WINDOWS\System32\SHELL32.dll
0x00007ffdd0d80000 - 0x00007ffdd15e2000 	C:\WINDOWS\SYSTEM32\windows.storage.dll
0x00007ffdd3fe0000 - 0x00007ffdd4358000 	C:\WINDOWS\System32\combase.dll
0x00007ffdd0c10000 - 0x00007ffdd0d76000 	C:\WINDOWS\SYSTEM32\wintypes.dll
0x00007ffdd4e10000 - 0x00007ffdd4efa000 	C:\WINDOWS\System32\SHCORE.dll
0x00007ffdd3f20000 - 0x00007ffdd3f7d000 	C:\WINDOWS\System32\shlwapi.dll
0x00007ffdd2b50000 - 0x00007ffdd2b71000 	C:\WINDOWS\SYSTEM32\profapi.dll
0x00007ffda9750000 - 0x00007ffda9768000 	C:\Users\longi\.jdks\openjdk-16.0.2\bin\zip.dll
0x00007ffd9f700000 - 0x00007ffd9f719000 	C:\Users\longi\.jdks\openjdk-16.0.2\bin\net.dll
0x00007ffdce600000 - 0x00007ffdce70c000 	C:\WINDOWS\SYSTEM32\WINHTTP.dll
0x00007ffdd2210000 - 0x00007ffdd2277000 	C:\WINDOWS\system32\mswsock.dll
0x00007ffd9f130000 - 0x00007ffd9f143000 	C:\Users\longi\.jdks\openjdk-16.0.2\bin\nio.dll
0x00007ffd9f110000 - 0x00007ffd9f12a000 	C:\Program Files\JetBrains\IntelliJ IDEA Community Edition 2020.3.2\bin\breakgen64.dll
0x00007ffd9ed90000 - 0x00007ffd9ef0f000 	C:\Users\longi\.jdks\openjdk-16.0.2\bin\awt.dll
0x00007ffdd5620000 - 0x00007ffdd56f6000 	C:\WINDOWS\System32\OLEAUT32.dll
0x00007ffdd01b0000 - 0x00007ffdd0241000 	C:\WINDOWS\SYSTEM32\apphelp.dll
0x00007ffdd0320000 - 0x00007ffdd03cc000 	C:\WINDOWS\system32\uxtheme.dll
0x00007ffdd4cf0000 - 0x00007ffdd4e0e000 	C:\WINDOWS\System32\MSCTF.dll
0x00007ffdd4b40000 - 0x00007ffdd4cda000 	C:\WINDOWS\System32\ole32.dll
0x00007ffdd0700000 - 0x00007ffdd072f000 	C:\WINDOWS\system32\DWMAPI.DLL
0x00007ffd9a430000 - 0x00007ffd9a531000 	C:\WINDOWS\system32\opengl32.dll
0x00007ffd9f6d0000 - 0x00007ffd9f6fd000 	C:\WINDOWS\SYSTEM32\GLU32.dll
0x00007ffdd0530000 - 0x00007ffdd0568000 	C:\WINDOWS\SYSTEM32\dxcore.dll
0x00007ffdbf0d0000 - 0x00007ffdbf276000 	C:\WINDOWS\system32\d3d9.dll
0x00007ffdc8200000 - 0x00007ffdc8302000 	C:\WINDOWS\System32\DriverStore\FileRepository\nv_dispi.inf_amd64_60daf66a00f2e0b6\nvldumdx.dll
0x00007ffdd24e0000 - 0x00007ffdd24f2000 	C:\WINDOWS\SYSTEM32\msasn1.dll
0x00007ffdcd540000 - 0x00007ffdcd571000 	C:\WINDOWS\SYSTEM32\cryptnet.dll
0x00007ffdd3460000 - 0x00007ffdd35c2000 	C:\WINDOWS\System32\CRYPT32.dll
0x00007ffdd24a0000 - 0x00007ffdd24ac000 	C:\WINDOWS\SYSTEM32\cryptbase.dll
0x00007ffdd32d0000 - 0x00007ffdd3336000 	C:\WINDOWS\System32\WINTRUST.DLL
0x00007ffdd3f00000 - 0x00007ffdd3f1f000 	C:\WINDOWS\System32\imagehlp.dll
0x00007ffdd2480000 - 0x00007ffdd2498000 	C:\WINDOWS\SYSTEM32\CRYPTSP.dll
0x00007ffdd1d50000 - 0x00007ffdd1d85000 	C:\WINDOWS\system32\rsaenh.dll
0x00007ffdd2600000 - 0x00007ffdd2627000 	C:\WINDOWS\SYSTEM32\bcrypt.dll
0x00007ffd72b20000 - 0x00007ffd7453b000 	C:\WINDOWS\System32\DriverStore\FileRepository\nv_dispi.inf_amd64_60daf66a00f2e0b6\nvd3dumx.dll
0x00007ffdce5b0000 - 0x00007ffdce5f4000 	C:\WINDOWS\SYSTEM32\directxdatabasehelper.dll
0x00007ffdd05c0000 - 0x00007ffdd05f4000 	C:\WINDOWS\SYSTEM32\ntmarta.dll
0x00007ffdd22a0000 - 0x00007ffdd22c4000 	C:\WINDOWS\SYSTEM32\gpapi.dll
0x00007ffd65c50000 - 0x00007ffd66bcf000 	C:\Users\longi\.skiko\2b9f0decc3be4389c3c6b9cbc9367209a9ea34c37b231c77581b63b0ee6e1d1b\skiko-windows-x64.dll
0x00007ffd9ebc0000 - 0x00007ffd9ec49000 	C:\Users\longi\.jdks\openjdk-16.0.2\bin\freetype.dll
0x00007ffd99110000 - 0x00007ffd99206000 	C:\Users\longi\.jdks\openjdk-16.0.2\bin\harfbuzz.dll
0x00007ffd9ed70000 - 0x00007ffd9ed82000 	C:\Users\longi\.jdks\openjdk-16.0.2\bin\fontmanager.dll
0x00007ffdbc0a0000 - 0x00007ffdbc0a7000 	C:\Users\longi\.jdks\openjdk-16.0.2\bin\jawt.dll
0x00007ffdd0430000 - 0x00007ffdd0523000 	C:\WINDOWS\SYSTEM32\Dxgi.dll
0x00007ffd9d120000 - 0x00007ffd9d142000 	C:\WINDOWS\SYSTEM32\D3D12.dll
0x00007ffd92090000 - 0x00007ffd92294000 	C:\WINDOWS\SYSTEM32\D3D12Core.dll
0x00007ffdd28f0000 - 0x00007ffdd293c000 	C:\WINDOWS\SYSTEM32\cfgmgr32.dll
0x00007ffda0850000 - 0x00007ffda3308000 	C:\WINDOWS\System32\DriverStore\FileRepository\nv_dispi.inf_amd64_60daf66a00f2e0b6\nvwgf2umx.dll
0x00007ffd99850000 - 0x00007ffd9987d000 	C:\WINDOWS\SYSTEM32\D3DSCache.dll
0x00007ffdd2310000 - 0x00007ffdd2339000 	C:\WINDOWS\SYSTEM32\USERENV.dll
0x00007ffdc9d50000 - 0x00007ffdc9fb6000 	C:\WINDOWS\SYSTEM32\twinapi.appcore.dll
0x00007ffdb76a0000 - 0x00007ffdb78ff000 	C:\WINDOWS\SYSTEM32\dwrite.dll
0x00007ffdb6b20000 - 0x00007ffdb6c4d000 	C:\WINDOWS\SYSTEM32\textinputframework.dll
0x00007ffdbd0f0000 - 0x00007ffdbd19e000 	C:\WINDOWS\SYSTEM32\TextShaping.dll
0x00007ffdcdb70000 - 0x00007ffdcdd89000 	C:\WINDOWS\SYSTEM32\dcomp.dll
0x00007ffdcf4d0000 - 0x00007ffdcf936000 	C:\WINDOWS\SYSTEM32\d3dcompiler_47.dll
0x00007ffdcfd50000 - 0x00007ffdcfe82000 	C:\WINDOWS\SYSTEM32\CoreMessaging.dll
0x00007ffdcdd90000 - 0x00007ffdce0fd000 	C:\WINDOWS\SYSTEM32\CoreUIComponents.dll

dbghelp: loaded successfully - version: 4.0.5 - missing functions: none
symbol engine: initialized successfully - sym options: 0x614 - pdb path: .;C:\Users\longi\.jdks\openjdk-16.0.2\bin;C:\WINDOWS\SYSTEM32;C:\WINDOWS\WinSxS\amd64_microsoft.windows.common-controls_6595b64144ccf1df_6.0.22000.120_none_9d947278b86cc467;C:\Users\longi\.jdks\openjdk-16.0.2\bin\server;C:\Program Files\JetBrains\IntelliJ IDEA Community Edition 2020.3.2\bin;C:\WINDOWS\System32\DriverStore\FileRepository\nv_dispi.inf_amd64_60daf66a00f2e0b6;C:\Users\longi\.skiko\2b9f0decc3be4389c3c6b9cbc9367209a9ea34c37b231c77581b63b0ee6e1d1b

VM Arguments:
jvm_args: -javaagent:C:\Program Files\JetBrains\IntelliJ IDEA Community Edition 2020.3.2\lib\idea_rt.jar=55560:C:\Program Files\JetBrains\IntelliJ IDEA Community Edition 2020.3.2\bin -Dfile.encoding=UTF-8 
java_command: MainGraphicKt
java_class_path (initial): D:\myProgs\IntellijIDEAprogs\ViewOS\build\classes\kotlin\main;D:\myProgs\IntellijIDEAprogs\ViewOS\build\resources\main;C:\Users\longi\.gradle\caches\modules-2\files-2.1\com.notkamui.libs\keval\0.7.4\427184a9d2ad1f17c3a56b0ebfcecfefb0aa8960\keval-0.7.4.jar;C:\Users\longi\.gradle\caches\modules-2\files-2.1\org.jetbrains.kotlin\kotlin-stdlib-jdk8\1.5.31\ff5d99aecd328872494e8921b72bf6e3af97af3e\kotlin-stdlib-jdk8-1.5.31.jar;C:\Users\longi\.gradle\caches\modules-2\files-2.1\org.jetbrains.kotlinx\kotlinx-coroutines-core-jvm\1.5.2\f4cc07a50437659e0043e7da762809a46932b6a0\kotlinx-coroutines-core-jvm-1.5.2.jar;C:\Users\longi\.gradle\caches\modules-2\files-2.1\org.jetbrains.kotlin\kotlin-stdlib-jdk7\1.5.31\77e0f2568912e45d26c31fd417a332458508acdf\kotlin-stdlib-jdk7-1.5.31.jar;C:\Users\longi\.gradle\caches\modules-2\files-2.1\org.jetbrains.kotlin\kotlin-stdlib\1.5.31\6628d61d0f5603568e72d2d5915d2c034b4f1c55\kotlin-stdlib-1.5.31.jar;C:\Users\longi\.gradle\caches\modules-2\files-2.1\com.ToxicBakery.library.noise\generator-jvm\1.0.10\d64a2de7638135c8a723ff1aefa3b9659626544e\generator-jvm-1.0.10.jar;C:\Users\longi\.gradle\caches\modules-2\files-2.1\org.jetbrains.compose.desktop\desktop-jvm\1.0.0-beta1\2a3891470b97a54f568ac80a224379868d3e74a5\desktop-jvm-1.0.0-beta1.jar;C:\Users\longi\.gradle\caches\modules-2\files-2.1\org.jetbrains.kotlin\kotlin-stdlib-common\1.5.31\43331609c7de811fed085e0dfd150874b157c32\kotlin-stdlib-common-1.5.31.jar;C:\Users\longi\.gradle\caches\modules-2\files-2.1\org.jetbrains\annotations\13.0\919f0dfe192fb4e063e7dacadee7f8bb9a2672a9\annotations-13.0.jar;C:\Users\longi\.gradle\caches\modules-2\files-2.1\org.jetbrains.compose.material\material-desktop\1.0.0-beta1\d13db0b7cbcd44167ef333634f4c1d4301c3d4d2\material-desktop-1.0.0-beta1.jar;C:\Users\longi\.gradle\caches\modules-2\files-2.1\org.jetbrains.compose.foundation\foundation-desktop\1.0.0-beta1\7dd46d0eebda4d53b854e45677d49964eed868e0\foundation-desktop-1.0.0-beta1.jar;C:\Users
Launcher Type: SUN_STANDARD

[Global flags]
     intx CICompilerCount                          = 4                                         {product} {ergonomic}
     uint ConcGCThreads                            = 3                                         {product} {ergonomic}
     uint G1ConcRefinementThreads                  = 10                                        {product} {ergonomic}
   size_t G1HeapRegionSize                         = 2097152                                   {product} {ergonomic}
    uintx GCDrainStackTargetSize                   = 64                                        {product} {ergonomic}
   size_t InitialHeapSize                          = 268435456                                 {product} {ergonomic}
   size_t MarkStackSize                            = 4194304                                   {product} {ergonomic}
   size_t MaxHeapSize                              = 4282384384                                {product} {ergonomic}
   size_t MaxNewSize                               = 2569011200                                {product} {ergonomic}
   size_t MinHeapDeltaBytes                        = 2097152                                   {product} {ergonomic}
   size_t MinHeapSize                              = 8388608                                   {product} {ergonomic}
    uintx NonNMethodCodeHeapSize                   = 5839372                                {pd product} {ergonomic}
    uintx NonProfiledCodeHeapSize                  = 122909434                              {pd product} {ergonomic}
    uintx ProfiledCodeHeapSize                     = 122909434                              {pd product} {ergonomic}
    uintx ReservedCodeCacheSize                    = 251658240                              {pd product} {ergonomic}
     bool SegmentedCodeCache                       = true                                      {product} {ergonomic}
   size_t SoftMaxHeapSize                          = 4282384384                             {manageable} {ergonomic}
     bool UseCompressedClassPointers               = true                           {product lp64_product} {ergonomic}
     bool UseCompressedOops                        = true                           {product lp64_product} {ergonomic}
     bool UseG1GC                                  = true                                      {product} {ergonomic}
     bool UseLargePagesIndividualAllocation        = false                                  {pd product} {ergonomic}

Logging:
Log output configuration:
 #0: stdout all=warning uptime,level,tags
 #1: stderr all=off uptime,level,tags

Environment Variables:
PATH=C:\Program Files\Common Files\Oracle\Java\javapath;C:\WINDOWS\system32;C:\WINDOWS;C:\WINDOWS\System32\Wbem;C:\WINDOWS\System32\WindowsPowerShell\v1.0\;C:\WINDOWS\System32\OpenSSH\;C:\Program Files\Git\cmd;C:\Program Files\Microsoft SQL Server\130\Tools\Binn\;C:\Program Files\Microsoft SQL Server\Client SDK\ODBC\170\Tools\Binn\;C:\Program Files\dotnet\;C:\ffmpeg;C:\Program Files\MySQL\MySQL Shell 8.0\bin\;C:\Users\longi\AppData\Local\Microsoft\WindowsApps;C:\Users\longi\AppData\Local\GitHubDesktop\bin;C:\Users\longi\.dotnet\tools;
USERNAME=longi
OS=Windows_NT
PROCESSOR_IDENTIFIER=AMD64 Family 23 Model 113 Stepping 0, AuthenticAMD



---------------  S Y S T E M  ---------------

OS:
 Windows 10 , 64 bit Build 22000 (10.0.22000.318)
OS uptime: 15 days 9:17 hours
Hyper-V role detected

CPU: total 12 (initial active 12) (12 cores per cpu, 2 threads per core) family 23 model 113 stepping 0 microcode 0x0, cx8, cmov, fxsr, ht, mmx, 3dnowpref, sse, sse2, sse3, ssse3, sse4a, sse4.1, sse4.2, popcnt, lzcnt, tsc, tscinvbit, avx, avx2, aes, clmul, bmi1, bmi2, adx, sha, fma, vzeroupper, clflush, clflushopt, hv

Memory: 4k page, system-wide physical 16334M (6916M free)
TotalPageFile size 19918M (AvailPageFile size 5236M)
current process WorkingSet (physical memory assigned to process): 395M, peak: 395M
current process commit charge ("private bytes"): 644M, peak: 693M

vm_info: OpenJDK 64-Bit Server VM (16.0.2+7-67) for windows-amd64 JRE (16.0.2+7-67), built on Jun  8 2021 23:21:43 by "mach5one" with MS VC++ 16.7 (VS2019)

END.
