#
# A fatal error has been detected by the Java Runtime Environment:
#
#  EXCEPTION_ACCESS_VIOLATION (0xc0000005) at pc=0x00007fff6893c160, pid=12700, tid=7340
#
# JRE version: OpenJDK Runtime Environment (16.0.2+7) (build 16.0.2+7-67)
# Java VM: OpenJDK 64-Bit Server VM (16.0.2+7-67, mixed mode, sharing, tiered, compressed oops, compressed class ptrs, g1 gc, windows-amd64)
# Problematic frame:
# V  [jvm.dll+0xc160]
#
# No core dump will be written. Minidumps are not enabled by default on client versions of Windows
#
# If you would like to submit a bug report, please visit:
#   https://bugreport.java.com/bugreport/crash.jsp
#

---------------  S U M M A R Y ------------

Command Line: -javaagent:C:\Program Files\JetBrains\IntelliJ IDEA Community Edition 2020.3.2\lib\idea_rt.jar=52291:C:\Program Files\JetBrains\IntelliJ IDEA Community Edition 2020.3.2\bin -Dfile.encoding=UTF-8 MainGraphicKt

Host: AMD Ryzen 5 3600 6-Core Processor              , 12 cores, 15G,  Windows 10 , 64 bit Build 22000 (10.0.22000.282)
Time: Thu Nov  4 18:42:33 2021 FLE Standard Time elapsed time: 3.372742 seconds (0d 0h 0m 3s)

---------------  T H R E A D  ---------------

Current thread (0x000002207a9bd260):  JavaThread "AWT-EventQueue-0" [_thread_in_vm, id=7340, stack(0x000000be63700000,0x000000be63800000)]

Stack: [0x000000be63700000,0x000000be63800000],  sp=0x000000be637f9e28,  free space=999k
Native frames: (J=compiled Java code, j=interpreted, Vv=VM code, C=native code)
V  [jvm.dll+0xc160]

Java frames: (J=compiled Java code, j=interpreted, Vv=VM code)
j  org.jetbrains.skia.ImageKt._nMakeFromEncoded(Ljava/lang/Object;I)J+0
j  org.jetbrains.skia.ImageKt.access$_nMakeFromEncoded(Ljava/lang/Object;I)J+2
j  org.jetbrains.skia.Image$Companion.makeFromEncoded([B)Lorg/jetbrains/skia/Image;+45
j  programs.other.google.goMaps.GoMapsKt$GoMaps$1$2.invoke(Landroidx/compose/ui/graphics/drawscope/DrawScope;)V+317
j  programs.other.google.goMaps.GoMapsKt$GoMaps$1$2.invoke(Ljava/lang/Object;)Ljava/lang/Object;+5
j  androidx.compose.ui.draw.DrawBackgroundModifier.draw(Landroidx/compose/ui/graphics/drawscope/ContentDrawScope;)V+11
J 2695 c1 androidx.compose.ui.node.ModifiedDrawNode.performDraw(Landroidx/compose/ui/graphics/Canvas;)V (337 bytes) @ 0x000002205e85926c [0x000002205e8577a0+0x0000000000001acc]
J 2717 c2 androidx.compose.ui.node.LayoutNodeWrapper.draw(Landroidx/compose/ui/graphics/Canvas;)V (71 bytes) @ 0x00000220659d8bc0 [0x00000220659d8a60+0x0000000000000160]
J 1925 c1 androidx.compose.ui.node.ModifiedLayoutNode.performDraw(Landroidx/compose/ui/graphics/Canvas;)V (38 bytes) @ 0x000002205e6df08c [0x000002205e6dece0+0x00000000000003ac]
J 2717 c2 androidx.compose.ui.node.LayoutNodeWrapper.draw(Landroidx/compose/ui/graphics/Canvas;)V (71 bytes) @ 0x00000220659d8bc0 [0x00000220659d8a60+0x0000000000000160]
J 1925 c1 androidx.compose.ui.node.ModifiedLayoutNode.performDraw(Landroidx/compose/ui/graphics/Canvas;)V (38 bytes) @ 0x000002205e6df08c [0x000002205e6dece0+0x00000000000003ac]
J 2717 c2 androidx.compose.ui.node.LayoutNodeWrapper.draw(Landroidx/compose/ui/graphics/Canvas;)V (71 bytes) @ 0x00000220659d8bc0 [0x00000220659d8a60+0x0000000000000160]
J 1912 c1 androidx.compose.ui.node.DelegatingLayoutNodeWrapper.performDraw(Landroidx/compose/ui/graphics/Canvas;)V (15 bytes) @ 0x000002205e6d8ee4 [0x000002205e6d8b40+0x00000000000003a4]
J 2717 c2 androidx.compose.ui.node.LayoutNodeWrapper.draw(Landroidx/compose/ui/graphics/Canvas;)V (71 bytes) @ 0x00000220659d8bc0 [0x00000220659d8a60+0x0000000000000160]
J 2245 c1 androidx.compose.ui.node.InnerPlaceable.performDraw(Landroidx/compose/ui/graphics/Canvas;)V (113 bytes) @ 0x000002205e79a6d4 [0x000002205e79a020+0x00000000000006b4]
J 2717 c2 androidx.compose.ui.node.LayoutNodeWrapper.draw(Landroidx/compose/ui/graphics/Canvas;)V (71 bytes) @ 0x00000220659d8bc0 [0x00000220659d8a60+0x0000000000000160]
J 2879 c1 androidx.compose.ui.node.LayoutNodeDrawScope.drawContent()V (43 bytes) @ 0x000002205e8b3104 [0x000002205e8b2ee0+0x0000000000000224]
j  androidx.compose.foundation.Background.draw(Landroidx/compose/ui/graphics/drawscope/ContentDrawScope;)V+30
J 2695 c1 androidx.compose.ui.node.ModifiedDrawNode.performDraw(Landroidx/compose/ui/graphics/Canvas;)V (337 bytes) @ 0x000002205e85926c [0x000002205e8577a0+0x0000000000001acc]
j  androidx.compose.ui.node.LayoutNodeWrapper$invoke$1.invoke()V+8
j  androidx.compose.ui.node.LayoutNodeWrapper$invoke$1.invoke()Ljava/lang/Object;+1
J 1844 c1 androidx.compose.runtime.snapshots.SnapshotStateObserver.observeReads(Ljava/lang/Object;Lkotlin/jvm/functions/Function1;Lkotlin/jvm/functions/Function0;)V (561 bytes) @ 0x000002205e6b65a4 [0x000002205e6b4ae0+0x0000000000001ac4]
J 1870 c1 androidx.compose.ui.node.OwnerSnapshotObserver.observeReads$ui(Landroidx/compose/ui/node/OwnerScope;Lkotlin/jvm/functions/Function1;Lkotlin/jvm/functions/Function0;)V (29 bytes) @ 0x000002205e6c96e4 [0x000002205e6c8ea0+0x0000000000000844]
j  androidx.compose.ui.node.LayoutNodeWrapper.invoke(Landroidx/compose/ui/graphics/Canvas;)V+40
j  androidx.compose.ui.node.LayoutNodeWrapper.invoke(Ljava/lang/Object;)Ljava/lang/Object;+5
J 2704 c1 androidx.compose.ui.platform.SkiaLayer.performDrawLayer(Landroidx/compose/ui/graphics/Canvas;Landroidx/compose/ui/geometry/Rect;)V (251 bytes) @ 0x000002205e8611dc [0x000002205e860140+0x000000000000109c]
J 2717 c2 androidx.compose.ui.node.LayoutNodeWrapper.draw(Landroidx/compose/ui/graphics/Canvas;)V (71 bytes) @ 0x00000220659d8f94 [0x00000220659d8a60+0x0000000000000534]
J 1925 c1 androidx.compose.ui.node.ModifiedLayoutNode.performDraw(Landroidx/compose/ui/graphics/Canvas;)V (38 bytes) @ 0x000002205e6df08c [0x000002205e6dece0+0x00000000000003ac]
J 2717 c2 androidx.compose.ui.node.LayoutNodeWrapper.draw(Landroidx/compose/ui/graphics/Canvas;)V (71 bytes) @ 0x00000220659d8bc0 [0x00000220659d8a60+0x0000000000000160]
J 1925 c1 androidx.compose.ui.node.ModifiedLayoutNode.performDraw(Landroidx/compose/ui/graphics/Canvas;)V (38 bytes) @ 0x000002205e6df08c [0x000002205e6dece0+0x00000000000003ac]
J 2717 c2 androidx.compose.ui.node.LayoutNodeWrapper.draw(Landroidx/compose/ui/graphics/Canvas;)V (71 bytes) @ 0x00000220659d8bc0 [0x00000220659d8a60+0x0000000000000160]
J 2245 c1 androidx.compose.ui.node.InnerPlaceable.performDraw(Landroidx/compose/ui/graphics/Canvas;)V (113 bytes) @ 0x000002205e79a6d4 [0x000002205e79a020+0x00000000000006b4]
J 2717 c2 androidx.compose.ui.node.LayoutNodeWrapper.draw(Landroidx/compose/ui/graphics/Canvas;)V (71 bytes) @ 0x00000220659d8bc0 [0x00000220659d8a60+0x0000000000000160]
J 1925 c1 androidx.compose.ui.node.ModifiedLayoutNode.performDraw(Landroidx/compose/ui/graphics/Canvas;)V (38 bytes) @ 0x000002205e6df08c [0x000002205e6dece0+0x00000000000003ac]
J 2717 c2 androidx.compose.ui.node.LayoutNodeWrapper.draw(Landroidx/compose/ui/graphics/Canvas;)V (71 bytes) @ 0x00000220659d8bc0 [0x00000220659d8a60+0x0000000000000160]
J 1925 c1 androidx.compose.ui.node.ModifiedLayoutNode.performDraw(Landroidx/compose/ui/graphics/Canvas;)V (38 bytes) @ 0x000002205e6df08c [0x000002205e6dece0+0x00000000000003ac]
J 2717 c2 androidx.compose.ui.node.LayoutNodeWrapper.draw(Landroidx/compose/ui/graphics/Canvas;)V (71 bytes) @ 0x00000220659d8bc0 [0x00000220659d8a60+0x0000000000000160]
J 2245 c1 androidx.compose.ui.node.InnerPlaceable.performDraw(Landroidx/compose/ui/graphics/Canvas;)V (113 bytes) @ 0x000002205e79a6d4 [0x000002205e79a020+0x00000000000006b4]
J 2717 c2 androidx.compose.ui.node.LayoutNodeWrapper.draw(Landroidx/compose/ui/graphics/Canvas;)V (71 bytes) @ 0x00000220659d8bc0 [0x00000220659d8a60+0x0000000000000160]
j  androidx.compose.ui.node.LayoutNodeDrawScope.drawContent()V+39
j  androidx.compose.foundation.Background.draw(Landroidx/compose/ui/graphics/drawscope/ContentDrawScope;)V+30
J 2695 c1 androidx.compose.ui.node.ModifiedDrawNode.performDraw(Landroidx/compose/ui/graphics/Canvas;)V (337 bytes) @ 0x000002205e85926c [0x000002205e8577a0+0x0000000000001acc]
j  androidx.compose.ui.node.LayoutNodeWrapper$invoke$1.invoke()V+8
j  androidx.compose.ui.node.LayoutNodeWrapper$invoke$1.invoke()Ljava/lang/Object;+1
J 1844 c1 androidx.compose.runtime.snapshots.SnapshotStateObserver.observeReads(Ljava/lang/Object;Lkotlin/jvm/functions/Function1;Lkotlin/jvm/functions/Function0;)V (561 bytes) @ 0x000002205e6b65a4 [0x000002205e6b4ae0+0x0000000000001ac4]
J 1870 c1 androidx.compose.ui.node.OwnerSnapshotObserver.observeReads$ui(Landroidx/compose/ui/node/OwnerScope;Lkotlin/jvm/functions/Function1;Lkotlin/jvm/functions/Function0;)V (29 bytes) @ 0x000002205e6c96e4 [0x000002205e6c8ea0+0x0000000000000844]
j  androidx.compose.ui.node.LayoutNodeWrapper.invoke(Landroidx/compose/ui/graphics/Canvas;)V+40
j  androidx.compose.ui.node.LayoutNodeWrapper.invoke(Ljava/lang/Object;)Ljava/lang/Object;+5
J 2704 c1 androidx.compose.ui.platform.SkiaLayer.performDrawLayer(Landroidx/compose/ui/graphics/Canvas;Landroidx/compose/ui/geometry/Rect;)V (251 bytes) @ 0x000002205e8611dc [0x000002205e860140+0x000000000000109c]
J 2717 c2 androidx.compose.ui.node.LayoutNodeWrapper.draw(Landroidx/compose/ui/graphics/Canvas;)V (71 bytes) @ 0x00000220659d8f94 [0x00000220659d8a60+0x0000000000000534]
J 1925 c1 androidx.compose.ui.node.ModifiedLayoutNode.performDraw(Landroidx/compose/ui/graphics/Canvas;)V (38 bytes) @ 0x000002205e6df08c [0x000002205e6dece0+0x00000000000003ac]
J 2717 c2 androidx.compose.ui.node.LayoutNodeWrapper.draw(Landroidx/compose/ui/graphics/Canvas;)V (71 bytes) @ 0x00000220659d8bc0 [0x00000220659d8a60+0x0000000000000160]
j  androidx.compose.ui.node.LayoutNodeDrawScope.drawContent()V+39
j  androidx.compose.foundation.BorderKt$drawRoundRectBorder$1.invoke(Landroidx/compose/ui/graphics/drawscope/ContentDrawScope;)V+7
j  androidx.compose.foundation.BorderKt$drawRoundRectBorder$1.invoke(Ljava/lang/Object;)Ljava/lang/Object;+5
j  androidx.compose.ui.draw.DrawContentCacheModifier.draw(Landroidx/compose/ui/graphics/drawscope/ContentDrawScope;)V+21
J 2695 c1 androidx.compose.ui.node.ModifiedDrawNode.performDraw(Landroidx/compose/ui/graphics/Canvas;)V (337 bytes) @ 0x000002205e85926c [0x000002205e8577a0+0x0000000000001acc]
J 2717 c2 androidx.compose.ui.node.LayoutNodeWrapper.draw(Landroidx/compose/ui/graphics/Canvas;)V (71 bytes) @ 0x00000220659d8bc0 [0x00000220659d8a60+0x0000000000000160]
J 1925 c1 androidx.compose.ui.node.ModifiedLayoutNode.performDraw(Landroidx/compose/ui/graphics/Canvas;)V (38 bytes) @ 0x000002205e6df08c [0x000002205e6dece0+0x00000000000003ac]
J 2717 c2 androidx.compose.ui.node.LayoutNodeWrapper.draw(Landroidx/compose/ui/graphics/Canvas;)V (71 bytes) @ 0x00000220659d8bc0 [0x00000220659d8a60+0x0000000000000160]
J 1925 c1 androidx.compose.ui.node.ModifiedLayoutNode.performDraw(Landroidx/compose/ui/graphics/Canvas;)V (38 bytes) @ 0x000002205e6df08c [0x000002205e6dece0+0x00000000000003ac]
j  androidx.compose.ui.node.LayoutNodeWrapper$invoke$1.invoke()V+8
j  androidx.compose.ui.node.LayoutNodeWrapper$invoke$1.invoke()Ljava/lang/Object;+1
J 1844 c1 androidx.compose.runtime.snapshots.SnapshotStateObserver.observeReads(Ljava/lang/Object;Lkotlin/jvm/functions/Function1;Lkotlin/jvm/functions/Function0;)V (561 bytes) @ 0x000002205e6b65a4 [0x000002205e6b4ae0+0x0000000000001ac4]
J 1870 c1 androidx.compose.ui.node.OwnerSnapshotObserver.observeReads$ui(Landroidx/compose/ui/node/OwnerScope;Lkotlin/jvm/functions/Function1;Lkotlin/jvm/functions/Function0;)V (29 bytes) @ 0x000002205e6c96e4 [0x000002205e6c8ea0+0x0000000000000844]
j  androidx.compose.ui.node.LayoutNodeWrapper.invoke(Landroidx/compose/ui/graphics/Canvas;)V+40
j  androidx.compose.ui.node.LayoutNodeWrapper.invoke(Ljava/lang/Object;)Ljava/lang/Object;+5
J 2704 c1 androidx.compose.ui.platform.SkiaLayer.performDrawLayer(Landroidx/compose/ui/graphics/Canvas;Landroidx/compose/ui/geometry/Rect;)V (251 bytes) @ 0x000002205e8611dc [0x000002205e860140+0x000000000000109c]
J 2717 c2 androidx.compose.ui.node.LayoutNodeWrapper.draw(Landroidx/compose/ui/graphics/Canvas;)V (71 bytes) @ 0x00000220659d8f94 [0x00000220659d8a60+0x0000000000000534]
J 1925 c1 androidx.compose.ui.node.ModifiedLayoutNode.performDraw(Landroidx/compose/ui/graphics/Canvas;)V (38 bytes) @ 0x000002205e6df08c [0x000002205e6dece0+0x00000000000003ac]
J 2717 c2 androidx.compose.ui.node.LayoutNodeWrapper.draw(Landroidx/compose/ui/graphics/Canvas;)V (71 bytes) @ 0x00000220659d8bc0 [0x00000220659d8a60+0x0000000000000160]
J 2245 c1 androidx.compose.ui.node.InnerPlaceable.performDraw(Landroidx/compose/ui/graphics/Canvas;)V (113 bytes) @ 0x000002205e79a6d4 [0x000002205e79a020+0x00000000000006b4]
J 2717 c2 androidx.compose.ui.node.LayoutNodeWrapper.draw(Landroidx/compose/ui/graphics/Canvas;)V (71 bytes) @ 0x00000220659d8bc0 [0x00000220659d8a60+0x0000000000000160]
J 1925 c1 androidx.compose.ui.node.ModifiedLayoutNode.performDraw(Landroidx/compose/ui/graphics/Canvas;)V (38 bytes) @ 0x000002205e6df08c [0x000002205e6dece0+0x00000000000003ac]
J 2717 c2 androidx.compose.ui.node.LayoutNodeWrapper.draw(Landroidx/compose/ui/graphics/Canvas;)V (71 bytes) @ 0x00000220659d8bc0 [0x00000220659d8a60+0x0000000000000160]
J 1912 c1 androidx.compose.ui.node.DelegatingLayoutNodeWrapper.performDraw(Landroidx/compose/ui/graphics/Canvas;)V (15 bytes) @ 0x000002205e6d8ee4 [0x000002205e6d8b40+0x00000000000003a4]
J 2717 c2 androidx.compose.ui.node.LayoutNodeWrapper.draw(Landroidx/compose/ui/graphics/Canvas;)V (71 bytes) @ 0x00000220659d8bc0 [0x00000220659d8a60+0x0000000000000160]
J 2245 c1 androidx.compose.ui.node.InnerPlaceable.performDraw(Landroidx/compose/ui/graphics/Canvas;)V (113 bytes) @ 0x000002205e79a6d4 [0x000002205e79a020+0x00000000000006b4]
J 2717 c2 androidx.compose.ui.node.LayoutNodeWrapper.draw(Landroidx/compose/ui/graphics/Canvas;)V (71 bytes) @ 0x00000220659d8bc0 [0x00000220659d8a60+0x0000000000000160]
J 1925 c1 androidx.compose.ui.node.ModifiedLayoutNode.performDraw(Landroidx/compose/ui/graphics/Canvas;)V (38 bytes) @ 0x000002205e6df08c [0x000002205e6dece0+0x00000000000003ac]
j  androidx.compose.ui.node.LayoutNodeWrapper$invoke$1.invoke()V+8
j  androidx.compose.ui.node.LayoutNodeWrapper$invoke$1.invoke()Ljava/lang/Object;+1
J 2488 c1 androidx.compose.runtime.snapshots.Snapshot$Companion.observe(Lkotlin/jvm/functions/Function1;Lkotlin/jvm/functions/Function1;Lkotlin/jvm/functions/Function0;)Ljava/lang/Object; (164 bytes) @ 0x000002205e7ff18c [0x000002205e7fde00+0x000000000000138c]
J 1844 c1 androidx.compose.runtime.snapshots.SnapshotStateObserver.observeReads(Ljava/lang/Object;Lkotlin/jvm/functions/Function1;Lkotlin/jvm/functions/Function0;)V (561 bytes) @ 0x000002205e6b62bc [0x000002205e6b4ae0+0x00000000000017dc]
J 1870 c1 androidx.compose.ui.node.OwnerSnapshotObserver.observeReads$ui(Landroidx/compose/ui/node/OwnerScope;Lkotlin/jvm/functions/Function1;Lkotlin/jvm/functions/Function0;)V (29 bytes) @ 0x000002205e6c96e4 [0x000002205e6c8ea0+0x0000000000000844]
j  androidx.compose.ui.node.LayoutNodeWrapper.invoke(Landroidx/compose/ui/graphics/Canvas;)V+40
j  androidx.compose.ui.node.LayoutNodeWrapper.invoke(Ljava/lang/Object;)Ljava/lang/Object;+5
J 2704 c1 androidx.compose.ui.platform.SkiaLayer.performDrawLayer(Landroidx/compose/ui/graphics/Canvas;Landroidx/compose/ui/geometry/Rect;)V (251 bytes) @ 0x000002205e8611dc [0x000002205e860140+0x000000000000109c]
J 2717 c2 androidx.compose.ui.node.LayoutNodeWrapper.draw(Landroidx/compose/ui/graphics/Canvas;)V (71 bytes) @ 0x00000220659d8f94 [0x00000220659d8a60+0x0000000000000534]
J 2245 c1 androidx.compose.ui.node.InnerPlaceable.performDraw(Landroidx/compose/ui/graphics/Canvas;)V (113 bytes) @ 0x000002205e79a6d4 [0x000002205e79a020+0x00000000000006b4]
J 2717 c2 androidx.compose.ui.node.LayoutNodeWrapper.draw(Landroidx/compose/ui/graphics/Canvas;)V (71 bytes) @ 0x00000220659d8bc0 [0x00000220659d8a60+0x0000000000000160]
J 1912 c1 androidx.compose.ui.node.DelegatingLayoutNodeWrapper.performDraw(Landroidx/compose/ui/graphics/Canvas;)V (15 bytes) @ 0x000002205e6d8ee4 [0x000002205e6d8b40+0x00000000000003a4]
J 2717 c2 androidx.compose.ui.node.LayoutNodeWrapper.draw(Landroidx/compose/ui/graphics/Canvas;)V (71 bytes) @ 0x00000220659d8bc0 [0x00000220659d8a60+0x0000000000000160]
J 1912 c1 androidx.compose.ui.node.DelegatingLayoutNodeWrapper.performDraw(Landroidx/compose/ui/graphics/Canvas;)V (15 bytes) @ 0x000002205e6d8ee4 [0x000002205e6d8b40+0x00000000000003a4]
J 2717 c2 androidx.compose.ui.node.LayoutNodeWrapper.draw(Landroidx/compose/ui/graphics/Canvas;)V (71 bytes) @ 0x00000220659d8bc0 [0x00000220659d8a60+0x0000000000000160]
J 1912 c1 androidx.compose.ui.node.DelegatingLayoutNodeWrapper.performDraw(Landroidx/compose/ui/graphics/Canvas;)V (15 bytes) @ 0x000002205e6d8ee4 [0x000002205e6d8b40+0x00000000000003a4]
J 2717 c2 androidx.compose.ui.node.LayoutNodeWrapper.draw(Landroidx/compose/ui/graphics/Canvas;)V (71 bytes) @ 0x00000220659d8bc0 [0x00000220659d8a60+0x0000000000000160]
J 1912 c1 androidx.compose.ui.node.DelegatingLayoutNodeWrapper.performDraw(Landroidx/compose/ui/graphics/Canvas;)V (15 bytes) @ 0x000002205e6d8ee4 [0x000002205e6d8b40+0x00000000000003a4]
J 2717 c2 androidx.compose.ui.node.LayoutNodeWrapper.draw(Landroidx/compose/ui/graphics/Canvas;)V (71 bytes) @ 0x00000220659d8bc0 [0x00000220659d8a60+0x0000000000000160]
J 1912 c1 androidx.compose.ui.node.DelegatingLayoutNodeWrapper.performDraw(Landroidx/compose/ui/graphics/Canvas;)V (15 bytes) @ 0x000002205e6d8ee4 [0x000002205e6d8b40+0x00000000000003a4]
J 2717 c2 androidx.compose.ui.node.LayoutNodeWrapper.draw(Landroidx/compose/ui/graphics/Canvas;)V (71 bytes) @ 0x00000220659d8bc0 [0x00000220659d8a60+0x0000000000000160]
J 1912 c1 androidx.compose.ui.node.DelegatingLayoutNodeWrapper.performDraw(Landroidx/compose/ui/graphics/Canvas;)V (15 bytes) @ 0x000002205e6d8ee4 [0x000002205e6d8b40+0x00000000000003a4]
J 2717 c2 androidx.compose.ui.node.LayoutNodeWrapper.draw(Landroidx/compose/ui/graphics/Canvas;)V (71 bytes) @ 0x00000220659d8bc0 [0x00000220659d8a60+0x0000000000000160]
J 2079 c1 androidx.compose.ui.node.LayoutNode.draw$ui(Landroidx/compose/ui/graphics/Canvas;)V (16 bytes) @ 0x000002205e74aa2c [0x000002205e74a6c0+0x000000000000036c]
j  androidx.compose.ui.platform.SkiaBasedOwner.draw(Lorg/jetbrains/skia/Canvas;)V+15
j  androidx.compose.ui.platform.SkiaBasedOwner.render(Lorg/jetbrains/skia/Canvas;)V+23
j  androidx.compose.ui.ComposeScene.render(Lorg/jetbrains/skia/Canvas;J)V+172
j  androidx.compose.ui.awt.ComposeLayer$1.onRender(Lorg/jetbrains/skia/Canvas;IIJ)V+17
j  org.jetbrains.skiko.SkiaLayer.update$skiko(J)V+230
j  org.jetbrains.skiko.redrawer.Direct3DRedrawer.update(J)V+5
j  org.jetbrains.skiko.redrawer.Direct3DRedrawer.access$update(Lorg/jetbrains/skiko/redrawer/Direct3DRedrawer;J)V+2
j  org.jetbrains.skiko.redrawer.Direct3DRedrawer$frameDispatcher$1.invokeSuspend(Ljava/lang/Object;)Ljava/lang/Object;+56
j  org.jetbrains.skiko.redrawer.Direct3DRedrawer$frameDispatcher$1.invoke(Lkotlin/coroutines/Continuation;)Ljava/lang/Object;+11
j  org.jetbrains.skiko.redrawer.Direct3DRedrawer$frameDispatcher$1.invoke(Ljava/lang/Object;)Ljava/lang/Object;+5
j  org.jetbrains.skiko.FrameDispatcher$job$1.invokeSuspend(Ljava/lang/Object;)Ljava/lang/Object;+100
J 1600 c1 kotlin.coroutines.jvm.internal.BaseContinuationImpl.resumeWith(Ljava/lang/Object;)V (142 bytes) @ 0x000002205e642a1c [0x000002205e6426c0+0x000000000000035c]
J 1615 c1 kotlinx.coroutines.DispatchedTask.run()V (658 bytes) @ 0x000002205e64b8bc [0x000002205e64a780+0x000000000000113c]
J 1766 c1 java.awt.event.InvocationEvent.dispatch()V java.desktop@16.0.2 (69 bytes) @ 0x000002205e68d92c [0x000002205e68d700+0x000000000000022c]
J 1708 c1 java.awt.EventQueue.dispatchEventImpl(Ljava/awt/AWTEvent;Ljava/lang/Object;)V java.desktop@16.0.2 (136 bytes) @ 0x000002205e672104 [0x000002205e670580+0x0000000000001b84]
J 1710 c1 java.awt.EventQueue$4.run()Ljava/lang/Void; java.desktop@16.0.2 (60 bytes) @ 0x000002205e673fc4 [0x000002205e673e80+0x0000000000000144]
J 1570 c1 java.awt.EventQueue.dispatchEvent(Ljava/awt/AWTEvent;)V java.desktop@16.0.2 (80 bytes) @ 0x000002205e638dac [0x000002205e6387e0+0x00000000000005cc]
J 1572 c1 java.awt.EventDispatchThread.pumpOneEventForFilters(I)V java.desktop@16.0.2 (113 bytes) @ 0x000002205e63be44 [0x000002205e63b7a0+0x00000000000006a4]
j  java.awt.EventDispatchThread.pumpEventsForFilter(ILjava/awt/Conditional;Ljava/awt/EventFilter;)V+35 java.desktop@16.0.2
j  java.awt.EventDispatchThread.pumpEventsForHierarchy(ILjava/awt/Conditional;Ljava/awt/Component;)V+11 java.desktop@16.0.2
j  java.awt.EventDispatchThread.pumpEvents(ILjava/awt/Conditional;)V+4 java.desktop@16.0.2
j  java.awt.EventDispatchThread.pumpEvents(Ljava/awt/Conditional;)V+3 java.desktop@16.0.2
j  java.awt.EventDispatchThread.run()V+9 java.desktop@16.0.2
v  ~StubRoutines::call_stub

siginfo: EXCEPTION_ACCESS_VIOLATION (0xc0000005), reading address 0x0000000000000000


Register to memory mapping:

RIP=0x00007fff6893c160 jvm.dll
RAX=0x0 is NULL
RBX=0x000002207a9bd260 is a thread
RCX=0x0 is NULL
RDX=0x0 is NULL
RSP=0x000000be637f9e28 is pointing into the stack for thread: 0x000002207a9bd260
RBP=0x0 is NULL
RSI=0x0 is NULL
RDI=0x0 is NULL
R8 =0x0 is NULL
R9 =0x0 is NULL
R10=0x000002205de0dcf3 is at code_begin+979 in an Interpreter codelet
method entry point (kind = native)  [0x000002205de0d920, 0x000002205de0e300]  2528 bytes
R11=0x000000070e152718 is an oop: java.lang.Class 
{0x000000070e152718} - klass: 'java/lang/Class'
R12=0x0 is NULL
R13={method} {0x0000022003390980} '_nMakeFromEncoded' '(Ljava/lang/Object;I)J' in 'org/jetbrains/skia/ImageKt'
R14=0x000000be637f9f50 is pointing into the stack for thread: 0x000002207a9bd260
R15=0x000002207a9bd260 is a thread


Registers:
RAX=0x0000000000000000, RBX=0x000002207a9bd260, RCX=0x0000000000000000, RDX=0x0000000000000000
RSP=0x000000be637f9e28, RBP=0x0000000000000000, RSI=0x0000000000000000, RDI=0x0000000000000000
R8 =0x0000000000000000, R9 =0x0000000000000000, R10=0x000002205de0dcf3, R11=0x000000070e152718
R12=0x0000000000000000, R13=0x0000022003390978, R14=0x000000be637f9f50, R15=0x000002207a9bd260
RIP=0x00007fff6893c160, EFLAGS=0x0000000000010246

Top of Stack: (sp=0x000000be637f9e28)
0x000000be637f9e28:   00007fff68d0dbb6 00000220112da755
0x000000be637f9e38:   000002207a9bd260 000000be637fa160
0x000000be637f9e48:   000002207a9bd260 000002207a9bd260
0x000000be637f9e58:   000002207a9bd570 0000022003390978
0x000000be637f9e68:   00007fff65e520ac 0000000000000000
0x000000be637f9e78:   0000000000000000 0000000000000000
0x000000be637f9e88:   00000000000003d8 000002207a9bd260
0x000000be637f9e98:   0000000800184008 0000000000001d32
0x000000be637f9ea8:   000002205de0dd22 0000000800186df8
0x000000be637f9eb8:   0000022003390978 000000be637f9f28
0x000000be637f9ec8:   0000022079811908 000002205de0966b
0x000000be637f9ed8:   000000070e18e2d0 000000be637f9ee0
0x000000be637f9ee8:   0000000000000000 000000be637f9f50
0x000000be637f9ef8:   000002200338fcb8 0000000000000000
0x000000be637f9f08:   000000070e152718 0000022003390978
0x000000be637f9f18:   0000000000000000 000000be637f9f48 

Instructions: (pc=0x00007fff6893c160)
0x00007fff6893c060:   bc cf a5 00 48 83 c4 20 5b 48 ff e0 48 8d 05 ed
0x00007fff6893c070:   00 00 00 48 8b cb 48 89 05 a3 cf a5 00 48 83 c4
0x00007fff6893c080:   20 5b 48 ff e0 48 8d 05 d4 00 00 00 48 8b cb 48
0x00007fff6893c090:   89 05 8a cf a5 00 48 83 c4 20 5b 48 ff e0 48 8b
0x00007fff6893c0a0:   0d 1b b0 ab 00 8b 51 10 83 ea 01 0f 84 8b 00 00
0x00007fff6893c0b0:   00 83 ea 01 74 6d 83 ea 01 74 4f 83 fa 01 74 31
0x00007fff6893c0c0:   4c 8d 05 81 ba 81 00 ba e8 00 00 00 48 8d 0d ad
0x00007fff6893c0d0:   ba 81 00 e8 58 68 23 00 e8 63 bc 65 00 33 c0 48
0x00007fff6893c0e0:   8b cb 48 89 05 37 cf a5 00 48 83 c4 20 5b 48 ff
0x00007fff6893c0f0:   e0 48 8d 05 78 00 00 00 48 8b cb 48 89 05 1e cf
0x00007fff6893c100:   a5 00 48 83 c4 20 5b 48 ff e0 48 8d 05 4f 00 00
0x00007fff6893c110:   00 48 8b cb 48 89 05 05 cf a5 00 48 83 c4 20 5b
0x00007fff6893c120:   48 ff e0 48 8d 05 36 00 00 00 48 8b cb 48 89 05
0x00007fff6893c130:   ec ce a5 00 48 83 c4 20 5b 48 ff e0 48 8d 05 1d
0x00007fff6893c140:   00 00 00 48 8b cb 48 89 05 d3 ce a5 00 48 83 c4
0x00007fff6893c150:   20 5b 48 ff e0 cc cc cc cc cc cc cc cc cc cc cc
0x00007fff6893c160:   48 8b 01 c3 cc cc cc cc cc cc cc cc cc cc cc cc
0x00007fff6893c170:   48 89 5c 24 08 57 48 83 ec 20 48 8b 39 48 8b d9
0x00007fff6893c180:   48 85 3d a1 7c b0 00 75 0e 48 8b c7 48 8b 5c 24
0x00007fff6893c190:   30 48 83 c4 20 5f c3 48 8b cf e8 41 f1 7e 00 48
0x00007fff6893c1a0:   8b d0 48 85 c0 74 20 48 8b c7 f0 48 0f b1 13 74
0x00007fff6893c1b0:   16 48 85 05 70 7c b0 00 74 0d 48 8b c8 f0 48 0f
0x00007fff6893c1c0:   b1 13 48 3b c1 75 ea 48 8b 5c 24 30 48 8b c2 48
0x00007fff6893c1d0:   83 c4 20 5f c3 cc cc cc cc cc cc cc cc cc cc cc
0x00007fff6893c1e0:   8b 44 24 30 45 03 c9 44 2b 4c 24 28 83 c0 0b 44
0x00007fff6893c1f0:   03 ca 45 03 c8 41 03 c1 c3 cc cc cc cc cc cc cc
0x00007fff6893c200:   48 8b 41 08 0f b7 48 32 0f b7 40 30 83 c0 48 03
0x00007fff6893c210:   c1 c3 cc cc cc cc cc cc cc cc cc cc cc cc cc cc
0x00007fff6893c220:   48 89 5c 24 08 57 48 83 ec 20 0f b6 05 ff 83 b0
0x00007fff6893c230:   00 48 8b fa 48 8b d9 84 c0 74 4f 48 85 15 e6 7b
0x00007fff6893c240:   b0 00 74 38 48 8b ca e8 f4 f6 7e 00 48 8b d0 48
0x00007fff6893c250:   85 db 74 25 48 85 c0 74 20 48 8b c7 f0 48 0f b1 


Stack slot to memory mapping:
stack at sp + 0 slots: 0x00007fff68d0dbb6 jvm.dll
stack at sp + 1 slots: 0x00000220112da755 is pointing into metadata
stack at sp + 2 slots: 0x000002207a9bd260 is a thread
stack at sp + 3 slots: 0x000000be637fa160 is pointing into the stack for thread: 0x000002207a9bd260
stack at sp + 4 slots: 0x000002207a9bd260 is a thread
stack at sp + 5 slots: 0x000002207a9bd260 is a thread
stack at sp + 6 slots: 0x000002207a9bd570 points into unknown readable memory: 0x00007fff693a33d0 | d0 33 3a 69 ff 7f 00 00
stack at sp + 7 slots: {method} {0x0000022003390980} '_nMakeFromEncoded' '(Ljava/lang/Object;I)J' in 'org/jetbrains/skia/ImageKt'


---------------  P R O C E S S  ---------------

Threads class SMR info:
_java_thread_list=0x0000022000b81660, length=25, elements={
0x0000022056695cc0, 0x000002207974ca30, 0x000002207974f810, 0x0000022079763e10,
0x0000022079766830, 0x0000022079767140, 0x0000022079767a50, 0x0000022079770750,
0x0000022079771de0, 0x00000220797758f0, 0x0000022079731370, 0x000002207a3f4550,
0x000002207a457de0, 0x000002207a96d970, 0x000002207a9708a0, 0x000002207a9af010,
0x000002207a9bd260, 0x0000022000127840, 0x0000022000125310, 0x0000022000126850,
0x0000022000124870, 0x0000022000126da0, 0x000002200082a530, 0x0000022000827ab0,
0x00000220063f5530
}

Java Threads: ( => current thread )
  0x0000022056695cc0 JavaThread "main" [_thread_blocked, id=5968, stack(0x000000be61f00000,0x000000be62000000)]
  0x000002207974ca30 JavaThread "Reference Handler" daemon [_thread_blocked, id=8600, stack(0x000000be62600000,0x000000be62700000)]
  0x000002207974f810 JavaThread "Finalizer" daemon [_thread_blocked, id=8108, stack(0x000000be62700000,0x000000be62800000)]
  0x0000022079763e10 JavaThread "Signal Dispatcher" daemon [_thread_blocked, id=2656, stack(0x000000be62800000,0x000000be62900000)]
  0x0000022079766830 JavaThread "Attach Listener" daemon [_thread_blocked, id=14072, stack(0x000000be62900000,0x000000be62a00000)]
  0x0000022079767140 JavaThread "Service Thread" daemon [_thread_blocked, id=15204, stack(0x000000be62a00000,0x000000be62b00000)]
  0x0000022079767a50 JavaThread "Monitor Deflation Thread" daemon [_thread_blocked, id=11344, stack(0x000000be62b00000,0x000000be62c00000)]
  0x0000022079770750 JavaThread "C2 CompilerThread0" daemon [_thread_blocked, id=5244, stack(0x000000be62c00000,0x000000be62d00000)]
  0x0000022079771de0 JavaThread "C1 CompilerThread0" daemon [_thread_blocked, id=5904, stack(0x000000be62d00000,0x000000be62e00000)]
  0x00000220797758f0 JavaThread "Sweeper thread" daemon [_thread_blocked, id=10004, stack(0x000000be62e00000,0x000000be62f00000)]
  0x0000022079731370 JavaThread "Common-Cleaner" daemon [_thread_blocked, id=5424, stack(0x000000be62f00000,0x000000be63000000)]
  0x000002207a3f4550 JavaThread "Monitor Ctrl-Break" daemon [_thread_in_native, id=828, stack(0x000000be63100000,0x000000be63200000)]
  0x000002207a457de0 JavaThread "Notification Thread" daemon [_thread_blocked, id=15644, stack(0x000000be63200000,0x000000be63300000)]
  0x000002207a96d970 JavaThread "Java2D Disposer" daemon [_thread_blocked, id=16096, stack(0x000000be63400000,0x000000be63500000)]
  0x000002207a9708a0 JavaThread "AWT-Shutdown" [_thread_blocked, id=2428, stack(0x000000be63500000,0x000000be63600000)]
  0x000002207a9af010 JavaThread "AWT-Windows" daemon [_thread_in_native, id=13688, stack(0x000000be63600000,0x000000be63700000)]
=>0x000002207a9bd260 JavaThread "AWT-EventQueue-0" [_thread_in_vm, id=7340, stack(0x000000be63700000,0x000000be63800000)]
  0x0000022000127840 JavaThread "DefaultDispatcher-worker-1" daemon [_thread_blocked, id=1400, stack(0x000000be63000000,0x000000be63100000)]
  0x0000022000125310 JavaThread "DefaultDispatcher-worker-2" daemon [_thread_blocked, id=17172, stack(0x000000be63a00000,0x000000be63b00000)]
  0x0000022000126850 JavaThread "DefaultDispatcher-worker-3" daemon [_thread_blocked, id=6208, stack(0x000000be64100000,0x000000be64200000)]
  0x0000022000124870 JavaThread "kotlinx.coroutines.DefaultExecutor" daemon [_thread_blocked, id=10248, stack(0x000000be64200000,0x000000be64300000)]
  0x0000022000126da0 JavaThread "Cleaner-0" daemon [_thread_blocked, id=7548, stack(0x000000be64300000,0x000000be64400000)]
  0x000002200082a530 JavaThread "timeAndDate" daemon [_thread_blocked, id=6692, stack(0x000000be64400000,0x000000be64500000)]
  0x0000022000827ab0 JavaThread "gettingTimeAndDate" daemon [_thread_blocked, id=10396, stack(0x000000be64a00000,0x000000be64b00000)]
  0x00000220063f5530 JavaThread "C2 CompilerThread1" daemon [_thread_blocked, id=16576, stack(0x000000be64f00000,0x000000be65000000)]

Other Threads:
  0x0000022079749ee0 VMThread "VM Thread" [stack: 0x000000be62500000,0x000000be62600000] [id=14716]
  0x00000220797614c0 WatcherThread [stack: 0x000000be63300000,0x000000be63400000] [id=3424]
  0x00000220566e6660 GCTaskThread "GC Thread#0" [stack: 0x000000be62000000,0x000000be62100000] [id=9380]
  0x00000220002420a0 GCTaskThread "GC Thread#1" [stack: 0x000000be63b00000,0x000000be63c00000] [id=7568]
  0x00000220002426c0 GCTaskThread "GC Thread#2" [stack: 0x000000be63c00000,0x000000be63d00000] [id=12764]
  0x0000022000242ce0 GCTaskThread "GC Thread#3" [stack: 0x000000be63d00000,0x000000be63e00000] [id=5420]
  0x00000220002429d0 GCTaskThread "GC Thread#4" [stack: 0x000000be63e00000,0x000000be63f00000] [id=4740]
  0x0000022000243f40 GCTaskThread "GC Thread#5" [stack: 0x000000be63f00000,0x000000be64000000] [id=432]
  0x0000022000241d90 GCTaskThread "GC Thread#6" [stack: 0x000000be64000000,0x000000be64100000] [id=11628]
  0x000002207ac153d0 GCTaskThread "GC Thread#7" [stack: 0x000000be64900000,0x000000be64a00000] [id=6556]
  0x000002207ac13530 GCTaskThread "GC Thread#8" [stack: 0x000000be64d00000,0x000000be64e00000] [id=3256]
  0x000002207ac15d00 GCTaskThread "GC Thread#9" [stack: 0x000000be64e00000,0x000000be64f00000] [id=15748]
  0x00000220566f74f0 ConcurrentGCThread "G1 Main Marker" [stack: 0x000000be62100000,0x000000be62200000] [id=836]
  0x00000220566f8e80 ConcurrentGCThread "G1 Conc#0" [stack: 0x000000be62200000,0x000000be62300000] [id=17116]
  0x00000220567587f0 ConcurrentGCThread "G1 Refine#0" [stack: 0x000000be62300000,0x000000be62400000] [id=13504]
  0x0000022056759180 ConcurrentGCThread "G1 Service" [stack: 0x000000be62400000,0x000000be62500000] [id=6480]

Threads with active compile tasks:

VM state: not at safepoint (normal execution)

VM Mutex/Monitor currently owned by a thread: None

Heap address: 0x0000000700c00000, size: 4084 MB, Compressed Oops mode: Zero based, Oop shift amount: 3

CDS archive(s) mapped at: [0x0000000800000000-0x0000000800bb0000-0x0000000800bb0000), size 12255232, SharedBaseAddress: 0x0000000800000000, ArchiveRelocationMode: 0.
Compressed class space mapped at: 0x0000000800c00000-0x0000000840c00000, reserved size: 1073741824
Narrow klass base: 0x0000000800000000, Narrow klass shift: 3, Narrow klass range: 0x100000000

GC Precious Log:
 CPUs: 12 total, 12 available
 Memory: 16334M
 Large Page Support: Disabled
 NUMA Support: Disabled
 Compressed Oops: Enabled (Zero based)
 Heap Region Size: 2M
 Heap Min Capacity: 8M
 Heap Initial Capacity: 256M
 Heap Max Capacity: 4084M
 Pre-touch: Disabled
 Parallel Workers: 10
 Concurrent Workers: 3
 Concurrent Refinement Workers: 10
 Periodic GC: Disabled

Heap:
 garbage-first heap   total 262144K, used 29462K [0x0000000700c00000, 0x0000000800000000)
  region size 2048K, 12 young (24576K), 3 survivors (6144K)
 Metaspace       used 20609K, committed 20800K, reserved 1073152K
  class space    used 2145K, committed 2240K, reserved 1048576K

Heap Regions: E=young(eden), S=young(survivor), O=old, HS=humongous(starts), HC=humongous(continues), CS=collection set, F=free, OA=open archive, CA=closed archive, TAMS=top-at-mark-start (previous, next)
|   0|0x0000000700c00000, 0x0000000700c00000, 0x0000000700e00000|  0%| F|  |TAMS 0x0000000700c00000, 0x0000000700c00000| Untracked 
|   1|0x0000000700e00000, 0x0000000700e00000, 0x0000000701000000|  0%| F|  |TAMS 0x0000000700e00000, 0x0000000700e00000| Untracked 
|   2|0x0000000701000000, 0x0000000701200000, 0x0000000701200000|100%|HS|  |TAMS 0x0000000701000000, 0x0000000701000000| Complete 
|   3|0x0000000701200000, 0x0000000701400000, 0x0000000701400000|100%|HC|  |TAMS 0x0000000701200000, 0x0000000701200000| Complete 
|   4|0x0000000701400000, 0x0000000701600000, 0x0000000701600000|100%|HC|  |TAMS 0x0000000701400000, 0x0000000701400000| Complete 
|   5|0x0000000701600000, 0x0000000701800000, 0x0000000701800000|100%|HC|  |TAMS 0x0000000701600000, 0x0000000701600000| Complete 
|   6|0x0000000701800000, 0x0000000701800000, 0x0000000701a00000|  0%| F|  |TAMS 0x0000000701800000, 0x0000000701800000| Untracked 
|   7|0x0000000701a00000, 0x0000000701a00000, 0x0000000701c00000|  0%| F|  |TAMS 0x0000000701a00000, 0x0000000701a00000| Untracked 
|   8|0x0000000701c00000, 0x0000000701c00000, 0x0000000701e00000|  0%| F|  |TAMS 0x0000000701c00000, 0x0000000701c00000| Untracked 
|   9|0x0000000701e00000, 0x0000000701e00000, 0x0000000702000000|  0%| F|  |TAMS 0x0000000701e00000, 0x0000000701e00000| Untracked 
|  10|0x0000000702000000, 0x0000000702000000, 0x0000000702200000|  0%| F|  |TAMS 0x0000000702000000, 0x0000000702000000| Untracked 
|  11|0x0000000702200000, 0x0000000702200000, 0x0000000702400000|  0%| F|  |TAMS 0x0000000702200000, 0x0000000702200000| Untracked 
|  12|0x0000000702400000, 0x0000000702400000, 0x0000000702600000|  0%| F|  |TAMS 0x0000000702400000, 0x0000000702400000| Untracked 
|  13|0x0000000702600000, 0x0000000702600000, 0x0000000702800000|  0%| F|  |TAMS 0x0000000702600000, 0x0000000702600000| Untracked 
|  14|0x0000000702800000, 0x0000000702800000, 0x0000000702a00000|  0%| F|  |TAMS 0x0000000702800000, 0x0000000702800000| Untracked 
|  15|0x0000000702a00000, 0x0000000702a00000, 0x0000000702c00000|  0%| F|  |TAMS 0x0000000702a00000, 0x0000000702a00000| Untracked 
|  16|0x0000000702c00000, 0x0000000702c00000, 0x0000000702e00000|  0%| F|  |TAMS 0x0000000702c00000, 0x0000000702c00000| Untracked 
|  17|0x0000000702e00000, 0x0000000702e00000, 0x0000000703000000|  0%| F|  |TAMS 0x0000000702e00000, 0x0000000702e00000| Untracked 
|  18|0x0000000703000000, 0x0000000703000000, 0x0000000703200000|  0%| F|  |TAMS 0x0000000703000000, 0x0000000703000000| Untracked 
|  19|0x0000000703200000, 0x0000000703200000, 0x0000000703400000|  0%| F|  |TAMS 0x0000000703200000, 0x0000000703200000| Untracked 
|  20|0x0000000703400000, 0x0000000703400000, 0x0000000703600000|  0%| F|  |TAMS 0x0000000703400000, 0x0000000703400000| Untracked 
|  21|0x0000000703600000, 0x0000000703600000, 0x0000000703800000|  0%| F|  |TAMS 0x0000000703600000, 0x0000000703600000| Untracked 
|  22|0x0000000703800000, 0x0000000703800000, 0x0000000703a00000|  0%| F|  |TAMS 0x0000000703800000, 0x0000000703800000| Untracked 
|  23|0x0000000703a00000, 0x0000000703a00000, 0x0000000703c00000|  0%| F|  |TAMS 0x0000000703a00000, 0x0000000703a00000| Untracked 
|  24|0x0000000703c00000, 0x0000000703c00000, 0x0000000703e00000|  0%| F|  |TAMS 0x0000000703c00000, 0x0000000703c00000| Untracked 
|  25|0x0000000703e00000, 0x0000000703e00000, 0x0000000704000000|  0%| F|  |TAMS 0x0000000703e00000, 0x0000000703e00000| Untracked 
|  26|0x0000000704000000, 0x0000000704000000, 0x0000000704200000|  0%| F|  |TAMS 0x0000000704000000, 0x0000000704000000| Untracked 
|  27|0x0000000704200000, 0x0000000704200000, 0x0000000704400000|  0%| F|  |TAMS 0x0000000704200000, 0x0000000704200000| Untracked 
|  28|0x0000000704400000, 0x0000000704400000, 0x0000000704600000|  0%| F|  |TAMS 0x0000000704400000, 0x0000000704400000| Untracked 
|  29|0x0000000704600000, 0x0000000704600000, 0x0000000704800000|  0%| F|  |TAMS 0x0000000704600000, 0x0000000704600000| Untracked 
|  30|0x0000000704800000, 0x0000000704800000, 0x0000000704a00000|  0%| F|  |TAMS 0x0000000704800000, 0x0000000704800000| Untracked 
|  31|0x0000000704a00000, 0x0000000704a00000, 0x0000000704c00000|  0%| F|  |TAMS 0x0000000704a00000, 0x0000000704a00000| Untracked 
|  32|0x0000000704c00000, 0x0000000704c00000, 0x0000000704e00000|  0%| F|  |TAMS 0x0000000704c00000, 0x0000000704c00000| Untracked 
|  33|0x0000000704e00000, 0x0000000704e00000, 0x0000000705000000|  0%| F|  |TAMS 0x0000000704e00000, 0x0000000704e00000| Untracked 
|  34|0x0000000705000000, 0x0000000705000000, 0x0000000705200000|  0%| F|  |TAMS 0x0000000705000000, 0x0000000705000000| Untracked 
|  35|0x0000000705200000, 0x0000000705200000, 0x0000000705400000|  0%| F|  |TAMS 0x0000000705200000, 0x0000000705200000| Untracked 
|  36|0x0000000705400000, 0x0000000705400000, 0x0000000705600000|  0%| F|  |TAMS 0x0000000705400000, 0x0000000705400000| Untracked 
|  37|0x0000000705600000, 0x0000000705600000, 0x0000000705800000|  0%| F|  |TAMS 0x0000000705600000, 0x0000000705600000| Untracked 
|  38|0x0000000705800000, 0x0000000705800000, 0x0000000705a00000|  0%| F|  |TAMS 0x0000000705800000, 0x0000000705800000| Untracked 
|  39|0x0000000705a00000, 0x0000000705a00000, 0x0000000705c00000|  0%| F|  |TAMS 0x0000000705a00000, 0x0000000705a00000| Untracked 
|  40|0x0000000705c00000, 0x0000000705c00000, 0x0000000705e00000|  0%| F|  |TAMS 0x0000000705c00000, 0x0000000705c00000| Untracked 
|  41|0x0000000705e00000, 0x0000000705e00000, 0x0000000706000000|  0%| F|  |TAMS 0x0000000705e00000, 0x0000000705e00000| Untracked 
|  42|0x0000000706000000, 0x0000000706000000, 0x0000000706200000|  0%| F|  |TAMS 0x0000000706000000, 0x0000000706000000| Untracked 
|  43|0x0000000706200000, 0x0000000706200000, 0x0000000706400000|  0%| F|  |TAMS 0x0000000706200000, 0x0000000706200000| Untracked 
|  44|0x0000000706400000, 0x0000000706400000, 0x0000000706600000|  0%| F|  |TAMS 0x0000000706400000, 0x0000000706400000| Untracked 
|  45|0x0000000706600000, 0x0000000706600000, 0x0000000706800000|  0%| F|  |TAMS 0x0000000706600000, 0x0000000706600000| Untracked 
|  46|0x0000000706800000, 0x0000000706800000, 0x0000000706a00000|  0%| F|  |TAMS 0x0000000706800000, 0x0000000706800000| Untracked 
|  47|0x0000000706a00000, 0x0000000706a00000, 0x0000000706c00000|  0%| F|  |TAMS 0x0000000706a00000, 0x0000000706a00000| Untracked 
|  48|0x0000000706c00000, 0x0000000706c00000, 0x0000000706e00000|  0%| F|  |TAMS 0x0000000706c00000, 0x0000000706c00000| Untracked 
|  49|0x0000000706e00000, 0x0000000706e00000, 0x0000000707000000|  0%| F|  |TAMS 0x0000000706e00000, 0x0000000706e00000| Untracked 
|  50|0x0000000707000000, 0x0000000707000000, 0x0000000707200000|  0%| F|  |TAMS 0x0000000707000000, 0x0000000707000000| Untracked 
|  51|0x0000000707200000, 0x0000000707200000, 0x0000000707400000|  0%| F|  |TAMS 0x0000000707200000, 0x0000000707200000| Untracked 
|  52|0x0000000707400000, 0x0000000707400000, 0x0000000707600000|  0%| F|  |TAMS 0x0000000707400000, 0x0000000707400000| Untracked 
|  53|0x0000000707600000, 0x0000000707600000, 0x0000000707800000|  0%| F|  |TAMS 0x0000000707600000, 0x0000000707600000| Untracked 
|  54|0x0000000707800000, 0x0000000707800000, 0x0000000707a00000|  0%| F|  |TAMS 0x0000000707800000, 0x0000000707800000| Untracked 
|  55|0x0000000707a00000, 0x0000000707a00000, 0x0000000707c00000|  0%| F|  |TAMS 0x0000000707a00000, 0x0000000707a00000| Untracked 
|  56|0x0000000707c00000, 0x0000000707c00000, 0x0000000707e00000|  0%| F|  |TAMS 0x0000000707c00000, 0x0000000707c00000| Untracked 
|  57|0x0000000707e00000, 0x0000000707e00000, 0x0000000708000000|  0%| F|  |TAMS 0x0000000707e00000, 0x0000000707e00000| Untracked 
|  58|0x0000000708000000, 0x0000000708000000, 0x0000000708200000|  0%| F|  |TAMS 0x0000000708000000, 0x0000000708000000| Untracked 
|  59|0x0000000708200000, 0x0000000708200000, 0x0000000708400000|  0%| F|  |TAMS 0x0000000708200000, 0x0000000708200000| Untracked 
|  60|0x0000000708400000, 0x0000000708400000, 0x0000000708600000|  0%| F|  |TAMS 0x0000000708400000, 0x0000000708400000| Untracked 
|  61|0x0000000708600000, 0x0000000708600000, 0x0000000708800000|  0%| F|  |TAMS 0x0000000708600000, 0x0000000708600000| Untracked 
|  62|0x0000000708800000, 0x0000000708800000, 0x0000000708a00000|  0%| F|  |TAMS 0x0000000708800000, 0x0000000708800000| Untracked 
|  63|0x0000000708a00000, 0x0000000708a00000, 0x0000000708c00000|  0%| F|  |TAMS 0x0000000708a00000, 0x0000000708a00000| Untracked 
|  64|0x0000000708c00000, 0x0000000708c00000, 0x0000000708e00000|  0%| F|  |TAMS 0x0000000708c00000, 0x0000000708c00000| Untracked 
|  65|0x0000000708e00000, 0x0000000708e00000, 0x0000000709000000|  0%| F|  |TAMS 0x0000000708e00000, 0x0000000708e00000| Untracked 
|  66|0x0000000709000000, 0x0000000709000000, 0x0000000709200000|  0%| F|  |TAMS 0x0000000709000000, 0x0000000709000000| Untracked 
|  67|0x0000000709200000, 0x0000000709200000, 0x0000000709400000|  0%| F|  |TAMS 0x0000000709200000, 0x0000000709200000| Untracked 
|  68|0x0000000709400000, 0x0000000709400000, 0x0000000709600000|  0%| F|  |TAMS 0x0000000709400000, 0x0000000709400000| Untracked 
|  69|0x0000000709600000, 0x0000000709600000, 0x0000000709800000|  0%| F|  |TAMS 0x0000000709600000, 0x0000000709600000| Untracked 
|  70|0x0000000709800000, 0x0000000709800000, 0x0000000709a00000|  0%| F|  |TAMS 0x0000000709800000, 0x0000000709800000| Untracked 
|  71|0x0000000709a00000, 0x0000000709a00000, 0x0000000709c00000|  0%| F|  |TAMS 0x0000000709a00000, 0x0000000709a00000| Untracked 
|  72|0x0000000709c00000, 0x0000000709c00000, 0x0000000709e00000|  0%| F|  |TAMS 0x0000000709c00000, 0x0000000709c00000| Untracked 
|  73|0x0000000709e00000, 0x0000000709e00000, 0x000000070a000000|  0%| F|  |TAMS 0x0000000709e00000, 0x0000000709e00000| Untracked 
|  74|0x000000070a000000, 0x000000070a000000, 0x000000070a200000|  0%| F|  |TAMS 0x000000070a000000, 0x000000070a000000| Untracked 
|  75|0x000000070a200000, 0x000000070a200000, 0x000000070a400000|  0%| F|  |TAMS 0x000000070a200000, 0x000000070a200000| Untracked 
|  76|0x000000070a400000, 0x000000070a400000, 0x000000070a600000|  0%| F|  |TAMS 0x000000070a400000, 0x000000070a400000| Untracked 
|  77|0x000000070a600000, 0x000000070a600000, 0x000000070a800000|  0%| F|  |TAMS 0x000000070a600000, 0x000000070a600000| Untracked 
|  78|0x000000070a800000, 0x000000070a800000, 0x000000070aa00000|  0%| F|  |TAMS 0x000000070a800000, 0x000000070a800000| Untracked 
|  79|0x000000070aa00000, 0x000000070aa00000, 0x000000070ac00000|  0%| F|  |TAMS 0x000000070aa00000, 0x000000070aa00000| Untracked 
|  80|0x000000070ac00000, 0x000000070ac00000, 0x000000070ae00000|  0%| F|  |TAMS 0x000000070ac00000, 0x000000070ac00000| Untracked 
|  81|0x000000070ae00000, 0x000000070ae00000, 0x000000070b000000|  0%| F|  |TAMS 0x000000070ae00000, 0x000000070ae00000| Untracked 
|  82|0x000000070b000000, 0x000000070b000000, 0x000000070b200000|  0%| F|  |TAMS 0x000000070b000000, 0x000000070b000000| Untracked 
|  83|0x000000070b200000, 0x000000070b200000, 0x000000070b400000|  0%| F|  |TAMS 0x000000070b200000, 0x000000070b200000| Untracked 
|  84|0x000000070b400000, 0x000000070b400000, 0x000000070b600000|  0%| F|  |TAMS 0x000000070b400000, 0x000000070b400000| Untracked 
|  85|0x000000070b600000, 0x000000070b600000, 0x000000070b800000|  0%| F|  |TAMS 0x000000070b600000, 0x000000070b600000| Untracked 
|  86|0x000000070b800000, 0x000000070b800000, 0x000000070ba00000|  0%| F|  |TAMS 0x000000070b800000, 0x000000070b800000| Untracked 
|  87|0x000000070ba00000, 0x000000070ba00000, 0x000000070bc00000|  0%| F|  |TAMS 0x000000070ba00000, 0x000000070ba00000| Untracked 
|  88|0x000000070bc00000, 0x000000070bc00000, 0x000000070be00000|  0%| F|  |TAMS 0x000000070bc00000, 0x000000070bc00000| Untracked 
|  89|0x000000070be00000, 0x000000070be00000, 0x000000070c000000|  0%| F|  |TAMS 0x000000070be00000, 0x000000070be00000| Untracked 
|  90|0x000000070c000000, 0x000000070c000000, 0x000000070c200000|  0%| F|  |TAMS 0x000000070c000000, 0x000000070c000000| Untracked 
|  91|0x000000070c200000, 0x000000070c200000, 0x000000070c400000|  0%| F|  |TAMS 0x000000070c200000, 0x000000070c200000| Untracked 
|  92|0x000000070c400000, 0x000000070c400000, 0x000000070c600000|  0%| F|  |TAMS 0x000000070c400000, 0x000000070c400000| Untracked 
|  93|0x000000070c600000, 0x000000070c600000, 0x000000070c800000|  0%| F|  |TAMS 0x000000070c600000, 0x000000070c600000| Untracked 
|  94|0x000000070c800000, 0x000000070c800000, 0x000000070ca00000|  0%| F|  |TAMS 0x000000070c800000, 0x000000070c800000| Untracked 
|  95|0x000000070ca00000, 0x000000070ca00000, 0x000000070cc00000|  0%| F|  |TAMS 0x000000070ca00000, 0x000000070ca00000| Untracked 
|  96|0x000000070cc00000, 0x000000070cc00000, 0x000000070ce00000|  0%| F|  |TAMS 0x000000070cc00000, 0x000000070cc00000| Untracked 
|  97|0x000000070ce00000, 0x000000070ce00000, 0x000000070d000000|  0%| F|  |TAMS 0x000000070ce00000, 0x000000070ce00000| Untracked 
|  98|0x000000070d000000, 0x000000070d000000, 0x000000070d200000|  0%| F|  |TAMS 0x000000070d000000, 0x000000070d000000| Untracked 
|  99|0x000000070d200000, 0x000000070d200000, 0x000000070d400000|  0%| F|  |TAMS 0x000000070d200000, 0x000000070d200000| Untracked 
| 100|0x000000070d400000, 0x000000070d400000, 0x000000070d600000|  0%| F|  |TAMS 0x000000070d400000, 0x000000070d400000| Untracked 
| 101|0x000000070d600000, 0x000000070d600000, 0x000000070d800000|  0%| F|  |TAMS 0x000000070d600000, 0x000000070d600000| Untracked 
| 102|0x000000070d800000, 0x000000070d800000, 0x000000070da00000|  0%| F|  |TAMS 0x000000070d800000, 0x000000070d800000| Untracked 
| 103|0x000000070da00000, 0x000000070da00000, 0x000000070dc00000|  0%| F|  |TAMS 0x000000070da00000, 0x000000070da00000| Untracked 
| 104|0x000000070dc00000, 0x000000070dc00000, 0x000000070de00000|  0%| F|  |TAMS 0x000000070dc00000, 0x000000070dc00000| Untracked 
| 105|0x000000070de00000, 0x000000070dec5a40, 0x000000070e000000| 38%| S|CS|TAMS 0x000000070de00000, 0x000000070de00000| Complete 
| 106|0x000000070e000000, 0x000000070e200000, 0x000000070e200000|100%| S|CS|TAMS 0x000000070e000000, 0x000000070e000000| Complete 
| 107|0x000000070e200000, 0x000000070e400000, 0x000000070e400000|100%| S|CS|TAMS 0x000000070e200000, 0x000000070e200000| Complete 
| 108|0x000000070e400000, 0x000000070e400000, 0x000000070e600000|  0%| F|  |TAMS 0x000000070e400000, 0x000000070e400000| Untracked 
| 109|0x000000070e600000, 0x000000070e600000, 0x000000070e800000|  0%| F|  |TAMS 0x000000070e600000, 0x000000070e600000| Untracked 
| 110|0x000000070e800000, 0x000000070e800000, 0x000000070ea00000|  0%| F|  |TAMS 0x000000070e800000, 0x000000070e800000| Untracked 
| 111|0x000000070ea00000, 0x000000070ea00000, 0x000000070ec00000|  0%| F|  |TAMS 0x000000070ea00000, 0x000000070ea00000| Untracked 
| 112|0x000000070ec00000, 0x000000070ec00000, 0x000000070ee00000|  0%| F|  |TAMS 0x000000070ec00000, 0x000000070ec00000| Untracked 
| 113|0x000000070ee00000, 0x000000070ee00000, 0x000000070f000000|  0%| F|  |TAMS 0x000000070ee00000, 0x000000070ee00000| Untracked 
| 114|0x000000070f000000, 0x000000070f000000, 0x000000070f200000|  0%| F|  |TAMS 0x000000070f000000, 0x000000070f000000| Untracked 
| 115|0x000000070f200000, 0x000000070f200000, 0x000000070f400000|  0%| F|  |TAMS 0x000000070f200000, 0x000000070f200000| Untracked 
| 116|0x000000070f400000, 0x000000070f400000, 0x000000070f600000|  0%| F|  |TAMS 0x000000070f400000, 0x000000070f400000| Untracked 
| 117|0x000000070f600000, 0x000000070f600000, 0x000000070f800000|  0%| F|  |TAMS 0x000000070f600000, 0x000000070f600000| Untracked 
| 118|0x000000070f800000, 0x000000070f800000, 0x000000070fa00000|  0%| F|  |TAMS 0x000000070f800000, 0x000000070f800000| Untracked 
| 119|0x000000070fa00000, 0x000000070fb00800, 0x000000070fc00000| 50%| E|  |TAMS 0x000000070fa00000, 0x000000070fa00000| Complete 
| 120|0x000000070fc00000, 0x000000070fe00000, 0x000000070fe00000|100%| E|CS|TAMS 0x000000070fc00000, 0x000000070fc00000| Complete 
| 121|0x000000070fe00000, 0x0000000710000000, 0x0000000710000000|100%| E|CS|TAMS 0x000000070fe00000, 0x000000070fe00000| Complete 
| 122|0x0000000710000000, 0x0000000710200000, 0x0000000710200000|100%| E|CS|TAMS 0x0000000710000000, 0x0000000710000000| Complete 
| 123|0x0000000710200000, 0x0000000710400000, 0x0000000710400000|100%| E|CS|TAMS 0x0000000710200000, 0x0000000710200000| Complete 
| 124|0x0000000710400000, 0x0000000710600000, 0x0000000710600000|100%| E|CS|TAMS 0x0000000710400000, 0x0000000710400000| Complete 
| 125|0x0000000710600000, 0x0000000710800000, 0x0000000710800000|100%| E|CS|TAMS 0x0000000710600000, 0x0000000710600000| Complete 
| 126|0x0000000710800000, 0x0000000710a00000, 0x0000000710a00000|100%| E|CS|TAMS 0x0000000710800000, 0x0000000710800000| Complete 
| 127|0x0000000710a00000, 0x0000000710c00000, 0x0000000710c00000|100%| E|CS|TAMS 0x0000000710a00000, 0x0000000710a00000| Complete 

Card table byte_map: [0x000002206db50000,0x000002206e350000] _byte_map_base: 0x000002206a34a000

Marking Bits (Prev, Next): (CMBitMap*) 0x00000220566e6be0, (CMBitMap*) 0x00000220566e6c20
 Prev Bits: [0x000002206eb50000, 0x0000022072b20000)
 Next Bits: [0x0000022072b20000, 0x0000022076af0000)

Polling page: 0x00000220545d0000

Metaspace:

Usage:
  Non-class:     18.03 MB used.
      Class:      2.10 MB used.
       Both:     20.13 MB used.

Virtual space:
  Non-class space:       24.00 MB reserved,      18.12 MB ( 76%) committed,  3 nodes.
      Class space:        1.00 GB reserved,       2.19 MB ( <1%) committed,  1 nodes.
              Both:        1.02 GB reserved,      20.31 MB (  2%) committed. 

Chunk freelists:
   Non-Class:  1.11 MB
       Class:  1.83 MB
        Both:  2.94 MB

MaxMetaspaceSize: 17179869184.00 GB
CompressedClassSpaceSize: 1.00 GB
 - commit_granule_bytes: 65536.
 - commit_granule_words: 8192.
 - virtual_space_node_default_size: 1048576.
 - enlarge_chunks_in_place: 1.
 - new_chunks_are_fully_committed: 0.
 - uncommit_free_chunks: 1.
 - use_allocation_guard: 0.
 - handle_deallocations: 1.


Internal statistics:

num_allocs_failed_limit: 0.
num_arena_births: 152.
num_arena_deaths: 0.
num_vsnodes_births: 4.
num_vsnodes_deaths: 0.
num_space_committed: 325.
num_space_uncommitted: 0.
num_chunks_returned_to_freelist: 0.
num_chunks_taken_from_freelist: 648.
num_chunk_merges: 0.
num_chunk_splits: 522.
num_chunks_enlarged: 447.
num_purges: 0.

CodeHeap 'non-profiled nmethods': size=120000Kb used=1128Kb max_used=1128Kb free=118871Kb
 bounds [0x00000220658d0000, 0x0000022065b40000, 0x000002206ce00000]
CodeHeap 'profiled nmethods': size=120000Kb used=5198Kb max_used=5198Kb free=114801Kb
 bounds [0x000002205e3a0000, 0x000002205e8c0000, 0x00000220658d0000]
CodeHeap 'non-nmethods': size=5760Kb used=1642Kb max_used=1691Kb free=4117Kb
 bounds [0x000002205de00000, 0x000002205e070000, 0x000002205e3a0000]
 total_blobs=3947 nmethods=2882 adapters=977
 compilation: enabled
              stopped_count=0, restarted_count=0
 full_count=0

Compilation events (20 events):
Event: 3.366 Thread 0x0000022079771de0 2873       3       androidx.compose.ui.node.OnPositionedDispatcher::dispatchHierarchy (78 bytes)
Event: 3.367 Thread 0x0000022079771de0 nmethod 2873 0x000002205e8af890 code [0x000002205e8afae0, 0x000002205e8b0498]
Event: 3.367 Thread 0x0000022079771de0 2875       3       java.util.TimSort::sort (229 bytes)
Event: 3.367 Thread 0x0000022079771de0 nmethod 2875 0x000002205e8b0890 code [0x000002205e8b0ae0, 0x000002205e8b11f8]
Event: 3.367 Thread 0x0000022079771de0 2874       3       androidx.compose.ui.node.LayoutNode::dispatchOnPositionedCallbacks$ui (109 bytes)
Event: 3.367 Thread 0x0000022079771de0 nmethod 2874 0x000002205e8b1590 code [0x000002205e8b17a0, 0x000002205e8b1f28]
Event: 3.367 Thread 0x0000022079771de0 2877       3       androidx.compose.ui.graphics.drawscope.CanvasDrawScope$drawContext$1::getSize-NH-jbRc (11 bytes)
Event: 3.367 Thread 0x0000022079771de0 nmethod 2877 0x000002205e8b2110 code [0x000002205e8b22c0, 0x000002205e8b2418]
Event: 3.367 Thread 0x0000022079771de0 2876       3       org.jetbrains.skia.impl.RefCnt::<init> (13 bytes)
Event: 3.367 Thread 0x0000022079771de0 nmethod 2876 0x000002205e8b2510 code [0x000002205e8b26c0, 0x000002205e8b2868]
Event: 3.367 Thread 0x0000022079771de0 2878       3       androidx.compose.ui.text.style.TextAlign::equals-impl0 (11 bytes)
Event: 3.367 Thread 0x0000022079771de0 nmethod 2878 0x000002205e8b2990 code [0x000002205e8b2b20, 0x000002205e8b2c78]
Event: 3.367 Thread 0x0000022079771de0 2879       3       androidx.compose.ui.node.LayoutNodeDrawScope::drawContent (43 bytes)
Event: 3.368 Thread 0x0000022079771de0 nmethod 2879 0x000002205e8b2d10 code [0x000002205e8b2ee0, 0x000002205e8b3248]
Event: 3.368 Thread 0x0000022079771de0 2880       1       androidx.compose.ui.text.TextLayoutResult::getLayoutInput (5 bytes)
Event: 3.368 Thread 0x0000022079771de0 nmethod 2880 0x00000220659e9b10 code [0x00000220659e9ca0, 0x00000220659e9d78]
Event: 3.368 Thread 0x0000022079771de0 2881       3       androidx.compose.ui.graphics.SkiaBackedCanvas::getSkia (8 bytes)
Event: 3.368 Thread 0x0000022079771de0 nmethod 2881 0x000002205e8b3410 code [0x000002205e8b35c0, 0x000002205e8b37f8]
Event: 3.368 Thread 0x0000022079770750 2882       4       java.lang.StringConcatHelper::checkOverflow (17 bytes)
Event: 3.368 Thread 0x0000022079770750 nmethod 2882 0x00000220659e9e10 code [0x00000220659e9f80, 0x00000220659e9ff8]

GC Heap History (4 events):
Event: 0.404 GC heap before
{Heap before GC invocations=0 (full 0):
 garbage-first heap   total 262144K, used 20480K [0x0000000700c00000, 0x0000000800000000)
  region size 2048K, 11 young (22528K), 0 survivors (0K)
 Metaspace       used 8691K, committed 8896K, reserved 1064960K
  class space    used 817K, committed 960K, reserved 1048576K
}
Event: 0.406 GC heap after
{Heap after GC invocations=1 (full 0):
 garbage-first heap   total 262144K, used 2879K [0x0000000700c00000, 0x0000000800000000)
  region size 2048K, 2 young (4096K), 2 survivors (4096K)
 Metaspace       used 8691K, committed 8896K, reserved 1064960K
  class space    used 817K, committed 960K, reserved 1048576K
}
Event: 1.664 GC heap before
{Heap before GC invocations=1 (full 0):
 garbage-first heap   total 262144K, used 52031K [0x0000000700c00000, 0x0000000800000000)
  region size 2048K, 20 young (40960K), 2 survivors (4096K)
 Metaspace       used 18541K, committed 18688K, reserved 1073152K
  class space    used 1959K, committed 2048K, reserved 1048576K
}
Event: 1.668 GC heap after
{Heap after GC invocations=2 (full 0):
 garbage-first heap   total 262144K, used 13078K [0x0000000700c00000, 0x0000000800000000)
  region size 2048K, 3 young (6144K), 3 survivors (6144K)
 Metaspace       used 18541K, committed 18688K, reserved 1073152K
  class space    used 1959K, committed 2048K, reserved 1048576K
}

Deoptimization events (20 events):
Event: 2.273 Thread 0x000002207a9bd260 DEOPT PACKING pc=0x000002205e6690d4 sp=0x000000be637fd590
Event: 2.273 Thread 0x000002207a9bd260 DEOPT UNPACKING pc=0x000002205de4dece sp=0x000000be637fca30 mode 0
Event: 2.273 Thread 0x000002207a9bd260 DEOPT PACKING pc=0x000002205e6690d4 sp=0x000000be637fd840
Event: 2.273 Thread 0x000002207a9bd260 DEOPT UNPACKING pc=0x000002205de4dece sp=0x000000be637fcce0 mode 0
Event: 2.412 Thread 0x000002207a9bd260 Uncommon trap: trap_request=0xffffff45 fr.pc=0x0000022065993e2c relative=0x00000000000004ac
Event: 2.412 Thread 0x000002207a9bd260 Uncommon trap: reason=unstable_if action=reinterpret pc=0x0000022065993e2c method=androidx.compose.runtime.SlotReader.isGroupEnd()Z @ 15 c2
Event: 2.412 Thread 0x000002207a9bd260 DEOPT PACKING pc=0x0000022065993e2c sp=0x000000be637fd470
Event: 2.412 Thread 0x000002207a9bd260 DEOPT UNPACKING pc=0x000002205de4d72e sp=0x000000be637fd370 mode 2
Event: 2.861 Thread 0x000002207a9af010 Uncommon trap: trap_request=0xffffff45 fr.pc=0x00000220659cca60 relative=0x00000000000001c0
Event: 2.861 Thread 0x000002207a9af010 Uncommon trap: reason=unstable_if action=reinterpret pc=0x00000220659cca60 method=java.util.concurrent.locks.AbstractQueuedSynchronizer.signalNext(Ljava/util/concurrent/locks/AbstractQueuedSynchronizer$Node;)V @ 17 c2
Event: 2.861 Thread 0x000002207a9af010 DEOPT PACKING pc=0x00000220659cca60 sp=0x000000be636fdef0
Event: 2.861 Thread 0x000002207a9af010 DEOPT UNPACKING pc=0x000002205de4d72e sp=0x000000be636fddf0 mode 2
Event: 3.328 Thread 0x000002207a9bd260 Uncommon trap: trap_request=0xffffff45 fr.pc=0x00000220659dea40 relative=0x0000000000000880
Event: 3.328 Thread 0x000002207a9bd260 Uncommon trap: reason=unstable_if action=reinterpret pc=0x00000220659dea40 method=androidx.compose.runtime.ComposerImpl.currentCompositionLocalScope()Landroidx/compose/runtime/external/kotlinx/collections/immutable/PersistentMap; @ 23 c2
Event: 3.328 Thread 0x000002207a9bd260 DEOPT PACKING pc=0x00000220659dea40 sp=0x000000be637fcf10
Event: 3.328 Thread 0x000002207a9bd260 DEOPT UNPACKING pc=0x000002205de4d72e sp=0x000000be637fcec0 mode 2
Event: 3.351 Thread 0x000002207a9bd260 Uncommon trap: trap_request=0xfffffff4 fr.pc=0x00000220659b580c relative=0x000000000000014c
Event: 3.351 Thread 0x000002207a9bd260 Uncommon trap: reason=null_check action=make_not_entrant pc=0x00000220659b580c method=androidx.compose.runtime.ComposerImpl.updatedNodeCount(I)I @ 42 c2
Event: 3.351 Thread 0x000002207a9bd260 DEOPT PACKING pc=0x00000220659b580c sp=0x000000be637fd500
Event: 3.351 Thread 0x000002207a9bd260 DEOPT UNPACKING pc=0x000002205de4d72e sp=0x000000be637fd468 mode 2

Classes unloaded (0 events):
No events

Classes redefined (0 events):
No events

Internal exceptions (16 events):
Event: 0.081 Thread 0x000002207a3f4550 Exception <a 'java/lang/NoSuchMethodError'{0x000000071096de20}: 'java.lang.Object java.lang.invoke.DirectMethodHandle$Holder.invokeStatic(java.lang.Object)'> (0x000000071096de20) 
thrown [t:\workspace\open\src\hotspot\share\interpreter\linkResolver.cpp, line 790]
Event: 0.082 Thread 0x000002207a3f4550 Exception <a 'java/lang/NoSuchMethodError'{0x0000000710971730}: 'java.lang.Object java.lang.invoke.DirectMethodHandle$Holder.invokeStaticInit(java.lang.Object)'> (0x0000000710971730) 
thrown [t:\workspace\open\src\hotspot\share\interpreter\linkResolver.cpp, line 790]
Event: 0.085 Thread 0x000002207a3f4550 Exception <a 'java/lang/NoSuchMethodError'{0x000000071097f3f0}: 'void java.lang.invoke.DirectMethodHandle$Holder.invokeStatic(java.lang.Object, java.lang.Object)'> (0x000000071097f3f0) 
thrown [t:\workspace\open\src\hotspot\share\interpreter\linkResolver.cpp, line 790]
Event: 0.130 Thread 0x0000022056695cc0 Exception <a 'java/lang/ClassNotFoundException'{0x0000000710520508}: sun/awt/resources/spi/awtProvider> (0x0000000710520508) 
thrown [t:\workspace\open\src\hotspot\share\classfile\systemDictionary.cpp, line 256]
Event: 0.143 Thread 0x0000022056695cc0 Exception <a 'java/io/FileNotFoundException'{0x0000000710577a18}> (0x0000000710577a18) 
thrown [t:\workspace\open\src\hotspot\share\prims\jni.cpp, line 579]
Event: 0.147 Thread 0x0000022056695cc0 Exception <a 'java/io/FileNotFoundException'{0x00000007105a62d8}> (0x00000007105a62d8) 
thrown [t:\workspace\open\src\hotspot\share\prims\jni.cpp, line 579]
Event: 0.150 Thread 0x0000022056695cc0 Exception <a 'java/lang/NoSuchMethodError'{0x00000007105abba0}: 'void java.lang.invoke.DirectMethodHandle$Holder.invokeSpecial(java.lang.Object, java.lang.Object, java.lang.Object)'> (0x00000007105abba0) 
thrown [t:\workspace\open\src\hotspot\share\interpreter\linkResolver.cpp, line 790]
Event: 0.360 Thread 0x000002207a9bd260 Exception <a 'java/lang/NoSuchMethodError'{0x000000070f9028c8}: 'java.lang.Object java.lang.invoke.DirectMethodHandle$Holder.newInvokeSpecial(java.lang.Object, java.lang.Object, java.lang.Object, java.lang.Object, java.lang.Object)'> (0x000000070f9028c8) 
thrown [t:\workspace\open\src\hotspot\share\interpreter\linkResolver.cpp, line 790]
Event: 0.361 Thread 0x000002207a9bd260 Exception <a 'java/lang/NoSuchMethodError'{0x000000070f90e658}: 'java.lang.Object java.lang.invoke.DirectMethodHandle$Holder.invokeStatic(java.lang.Object, int, java.lang.Object, java.lang.Object, java.lang.Object, java.lang.Object)'> (0x000000070f90e658) 
thrown [t:\workspace\open\src\hotspot\share\interpreter\linkResolver.cpp, line 790]
Event: 0.363 Thread 0x000002207a9bd260 Exception <a 'java/lang/NoSuchMethodError'{0x000000070f9349c8}: 'java.lang.Object java.lang.invoke.DirectMethodHandle$Holder.invokeStatic(java.lang.Object, int, java.lang.Object)'> (0x000000070f9349c8) 
thrown [t:\workspace\open\src\hotspot\share\interpreter\linkResolver.cpp, line 790]
Event: 0.377 Thread 0x000002207a9bd260 Exception <a 'java/lang/ClassNotFoundException'{0x000000070f9ecf50}: com/sun/swing/internal/plaf/metal/resources/spi/metalProvider> (0x000000070f9ecf50) 
thrown [t:\workspace\open\src\hotspot\share\classfile\systemDictionary.cpp, line 256]
Event: 0.378 Thread 0x000002207a9bd260 Exception <a 'java/lang/ClassNotFoundException'{0x000000070f9f1410}: com/sun/swing/internal/plaf/basic/resources/spi/basicProvider> (0x000000070f9f1410) 
thrown [t:\workspace\open\src\hotspot\share\classfile\systemDictionary.cpp, line 256]
Event: 0.433 Thread 0x000002207a9bd260 Exception <a 'java/lang/NoSuchMethodError'{0x00000007108abc40}: 'void java.lang.invoke.DirectMethodHandle$Holder.invokeStatic(java.lang.Object, java.lang.Object, java.lang.Object)'> (0x00000007108abc40) 
thrown [t:\workspace\open\src\hotspot\share\interpreter\linkResolver.cpp, line 790]
Event: 0.468 Thread 0x000002207a9bd260 Exception <a 'java/lang/NoSuchMethodError'{0x00000007107089a0}: 'void java.lang.invoke.DirectMethodHandle$Holder.invokeStaticInit(java.lang.Object)'> (0x00000007107089a0) 
thrown [t:\workspace\open\src\hotspot\share\interpreter\linkResolver.cpp, line 790]
Event: 0.883 Thread 0x000002207a9af010 Exception <a 'java/lang/NoSuchMethodError'{0x000000071069cc40}: 'void java.lang.invoke.DirectMethodHandle$Holder.invokeVirtual(java.lang.Object, java.lang.Object)'> (0x000000071069cc40) 
thrown [t:\workspace\open\src\hotspot\share\interpreter\linkResolver.cpp, line 790]
Event: 3.351 Thread 0x000002207a9bd260 Implicit null exception at 0x00000220659b578b to 0x00000220659b5802

Events (20 events):
Event: 2.125 loading class java/awt/MouseInfo done
Event: 2.125 loading class sun/awt/windows/WMouseInfoPeer
Event: 2.125 loading class java/awt/peer/MouseInfoPeer
Event: 2.125 loading class java/awt/peer/MouseInfoPeer done
Event: 2.125 loading class sun/awt/windows/WMouseInfoPeer done
Event: 2.125 loading class java/awt/PointerInfo
Event: 2.126 loading class java/awt/PointerInfo done
Event: 2.216 Executing  VM operation: ICBufferFull
Event: 2.216 Executing  VM operation: ICBufferFull done
Event: 2.244 Thread 0x0000022000e656a0 Thread added: 0x0000022000e656a0
Event: 2.262 Executing  VM operation: HandshakeAllThreads
Event: 2.262 Executing  VM operation: HandshakeAllThreads done
Event: 2.271 loading class java/lang/ArrayIndexOutOfBoundsException
Event: 2.271 loading class java/lang/ArrayIndexOutOfBoundsException done
Event: 2.376 Executing  VM operation: HandshakeAllThreads
Event: 2.376 Executing  VM operation: HandshakeAllThreads done
Event: 2.685 Thread 0x0000022000e656a0 Thread exited: 0x0000022000e656a0
Event: 2.845 Executing  VM operation: ICBufferFull
Event: 2.846 Executing  VM operation: ICBufferFull done
Event: 3.304 Thread 0x00000220063f5530 Thread added: 0x00000220063f5530


Dynamic libraries:
0x00007ff632530000 - 0x00007ff63253e000 	C:\Users\longi\.jdks\openjdk-16.0.2\bin\java.exe
0x00007fffcbea0000 - 0x00007fffcc0a7000 	C:\WINDOWS\SYSTEM32\ntdll.dll
0x00007fffcb810000 - 0x00007fffcb8cd000 	C:\WINDOWS\System32\KERNEL32.DLL
0x00007fffc9590000 - 0x00007fffc9904000 	C:\WINDOWS\System32\KERNELBASE.dll
0x00007fffc9a20000 - 0x00007fffc9b31000 	C:\WINDOWS\System32\ucrtbase.dll
0x00007fffa8720000 - 0x00007fffa8739000 	C:\Users\longi\.jdks\openjdk-16.0.2\bin\VCRUNTIME140.dll
0x00007fffa8740000 - 0x00007fffa8758000 	C:\Users\longi\.jdks\openjdk-16.0.2\bin\jli.dll
0x00007fffca240000 - 0x00007fffca3ec000 	C:\WINDOWS\System32\USER32.dll
0x00007fffbdd10000 - 0x00007fffbdfb5000 	C:\WINDOWS\WinSxS\amd64_microsoft.windows.common-controls_6595b64144ccf1df_6.0.22000.120_none_9d947278b86cc467\COMCTL32.dll
0x00007fffc9560000 - 0x00007fffc9586000 	C:\WINDOWS\System32\win32u.dll
0x00007fffc9d30000 - 0x00007fffc9dd3000 	C:\WINDOWS\System32\msvcrt.dll
0x00007fffca640000 - 0x00007fffca669000 	C:\WINDOWS\System32\GDI32.dll
0x00007fffc9440000 - 0x00007fffc9552000 	C:\WINDOWS\System32\gdi32full.dll
0x00007fffc9910000 - 0x00007fffc99ad000 	C:\WINDOWS\System32\msvcp_win.dll
0x00007fffcbe00000 - 0x00007fffcbe31000 	C:\WINDOWS\System32\IMM32.DLL
0x00007fffbcb10000 - 0x00007fffbcb1c000 	C:\Users\longi\.jdks\openjdk-16.0.2\bin\vcruntime140_1.dll
0x00007fff946b0000 - 0x00007fff94741000 	C:\Users\longi\.jdks\openjdk-16.0.2\bin\msvcp140.dll
0x00007fff68930000 - 0x00007fff694db000 	C:\Users\longi\.jdks\openjdk-16.0.2\bin\server\jvm.dll
0x00007fffca3f0000 - 0x00007fffca49c000 	C:\WINDOWS\System32\ADVAPI32.dll
0x00007fffcaeb0000 - 0x00007fffcaf4d000 	C:\WINDOWS\System32\sechost.dll
0x00007fffcad80000 - 0x00007fffcaea1000 	C:\WINDOWS\System32\RPCRT4.dll
0x00007fffcb950000 - 0x00007fffcb958000 	C:\WINDOWS\System32\PSAPI.DLL
0x00007fffbfc00000 - 0x00007fffbfc09000 	C:\WINDOWS\SYSTEM32\WSOCK32.dll
0x00007fffbc710000 - 0x00007fffbc743000 	C:\WINDOWS\SYSTEM32\WINMM.dll
0x00007fffc3490000 - 0x00007fffc349a000 	C:\WINDOWS\SYSTEM32\VERSION.dll
0x00007fffcac80000 - 0x00007fffcacef000 	C:\WINDOWS\System32\WS2_32.dll
0x00007fffc8550000 - 0x00007fffc8568000 	C:\WINDOWS\SYSTEM32\kernel.appcore.dll
0x00007fffb4600000 - 0x00007fffb460a000 	C:\Users\longi\.jdks\openjdk-16.0.2\bin\jimage.dll
0x00007fffb93c0000 - 0x00007fffb95e1000 	C:\WINDOWS\SYSTEM32\DBGHELP.DLL
0x00007fffbf1a0000 - 0x00007fffbf1d1000 	C:\WINDOWS\SYSTEM32\dbgcore.DLL
0x00007fffc9b40000 - 0x00007fffc9bc0000 	C:\WINDOWS\System32\bcryptPrimitives.dll
0x00007fffb4470000 - 0x00007fffb447e000 	C:\Users\longi\.jdks\openjdk-16.0.2\bin\instrument.dll
0x00007fff9d260000 - 0x00007fff9d285000 	C:\Users\longi\.jdks\openjdk-16.0.2\bin\java.dll
0x00007fffcb060000 - 0x00007fffcb80a000 	C:\WINDOWS\System32\SHELL32.dll
0x00007fffc74e0000 - 0x00007fffc7d42000 	C:\WINDOWS\SYSTEM32\windows.storage.dll
0x00007fffc9ec0000 - 0x00007fffca238000 	C:\WINDOWS\System32\combase.dll
0x00007fffc7370000 - 0x00007fffc74d6000 	C:\WINDOWS\SYSTEM32\wintypes.dll
0x00007fffcbae0000 - 0x00007fffcbbca000 	C:\WINDOWS\System32\SHCORE.dll
0x00007fffcaf50000 - 0x00007fffcafad000 	C:\WINDOWS\System32\shlwapi.dll
0x00007fffc92b0000 - 0x00007fffc92d1000 	C:\WINDOWS\SYSTEM32\profapi.dll
0x00007fffa6a30000 - 0x00007fffa6a48000 	C:\Users\longi\.jdks\openjdk-16.0.2\bin\zip.dll
0x00007fffa55b0000 - 0x00007fffa55c9000 	C:\Users\longi\.jdks\openjdk-16.0.2\bin\net.dll
0x00007fffc4690000 - 0x00007fffc479c000 	C:\WINDOWS\SYSTEM32\WINHTTP.dll
0x00007fffc8970000 - 0x00007fffc89d7000 	C:\WINDOWS\system32\mswsock.dll
0x00007fff965e0000 - 0x00007fff965f3000 	C:\Users\longi\.jdks\openjdk-16.0.2\bin\nio.dll
0x00007fff95850000 - 0x00007fff9586a000 	C:\Program Files\JetBrains\IntelliJ IDEA Community Edition 2020.3.2\bin\breakgen64.dll
0x00007fff7bdf0000 - 0x00007fff7bf6f000 	C:\Users\longi\.jdks\openjdk-16.0.2\bin\awt.dll
0x00007fffc9de0000 - 0x00007fffc9eb6000 	C:\WINDOWS\System32\OLEAUT32.dll
0x00007fffc6910000 - 0x00007fffc69a1000 	C:\WINDOWS\SYSTEM32\apphelp.dll
0x00007fffc6a80000 - 0x00007fffc6b2c000 	C:\WINDOWS\system32\uxtheme.dll
0x00007fffcb960000 - 0x00007fffcba7e000 	C:\WINDOWS\System32\MSCTF.dll
0x00007fffca4a0000 - 0x00007fffca63a000 	C:\WINDOWS\System32\ole32.dll
0x00007fffc6d80000 - 0x00007fffc6daf000 	C:\WINDOWS\system32\DWMAPI.DLL
0x00007fff96aa0000 - 0x00007fff96ba1000 	C:\WINDOWS\system32\opengl32.dll
0x00007fffb2fd0000 - 0x00007fffb2ffd000 	C:\WINDOWS\SYSTEM32\GLU32.dll
0x00007fffc6b90000 - 0x00007fffc6bc8000 	C:\WINDOWS\SYSTEM32\dxcore.dll
0x00007fffb6340000 - 0x00007fffb64e6000 	C:\WINDOWS\system32\d3d9.dll
0x00007fffbf570000 - 0x00007fffbf672000 	C:\WINDOWS\System32\DriverStore\FileRepository\nv_dispi.inf_amd64_60daf66a00f2e0b6\nvldumdx.dll
0x00007fffc8c40000 - 0x00007fffc8c52000 	C:\WINDOWS\SYSTEM32\msasn1.dll
0x00007fffc3450000 - 0x00007fffc3481000 	C:\WINDOWS\SYSTEM32\cryptnet.dll
0x00007fffc9bc0000 - 0x00007fffc9d22000 	C:\WINDOWS\System32\CRYPT32.dll
0x00007fffc8c00000 - 0x00007fffc8c0c000 	C:\WINDOWS\SYSTEM32\cryptbase.dll
0x00007fffc99b0000 - 0x00007fffc9a16000 	C:\WINDOWS\System32\WINTRUST.DLL
0x00007fffcbe40000 - 0x00007fffcbe5f000 	C:\WINDOWS\System32\imagehlp.dll
0x00007fffc8be0000 - 0x00007fffc8bf8000 	C:\WINDOWS\SYSTEM32\CRYPTSP.dll
0x00007fffc84b0000 - 0x00007fffc84e5000 	C:\WINDOWS\system32\rsaenh.dll
0x00007fffc8d60000 - 0x00007fffc8d87000 	C:\WINDOWS\SYSTEM32\bcrypt.dll
0x00007fff66d70000 - 0x00007fff6878b000 	C:\WINDOWS\System32\DriverStore\FileRepository\nv_dispi.inf_amd64_60daf66a00f2e0b6\nvd3dumx.dll
0x00007fffc42e0000 - 0x00007fffc4324000 	C:\WINDOWS\SYSTEM32\directxdatabasehelper.dll
0x00007fffc6d20000 - 0x00007fffc6d54000 	C:\WINDOWS\SYSTEM32\ntmarta.dll
0x00007fffc8a10000 - 0x00007fffc8a34000 	C:\WINDOWS\SYSTEM32\gpapi.dll
0x00007fff65df0000 - 0x00007fff66d6f000 	C:\Users\longi\.skiko\2b9f0decc3be4389c3c6b9cbc9367209a9ea34c37b231c77581b63b0ee6e1d1b\skiko-windows-x64.dll
0x00007fff94620000 - 0x00007fff946a9000 	C:\Users\longi\.jdks\openjdk-16.0.2\bin\freetype.dll
0x00007fff7b870000 - 0x00007fff7b966000 	C:\Users\longi\.jdks\openjdk-16.0.2\bin\harfbuzz.dll
0x00007fff95830000 - 0x00007fff95842000 	C:\Users\longi\.jdks\openjdk-16.0.2\bin\fontmanager.dll
0x00007fffb3d30000 - 0x00007fffb3d37000 	C:\Users\longi\.jdks\openjdk-16.0.2\bin\jawt.dll
0x00007fffc6bd0000 - 0x00007fffc6cc3000 	C:\WINDOWS\SYSTEM32\Dxgi.dll
0x00007fffb11b0000 - 0x00007fffb11d2000 	C:\WINDOWS\SYSTEM32\D3D12.dll
0x00007fff7a9d0000 - 0x00007fff7abd4000 	C:\WINDOWS\SYSTEM32\D3D12Core.dll
0x00007fffc9050000 - 0x00007fffc909c000 	C:\WINDOWS\SYSTEM32\cfgmgr32.dll
0x00007fff986e0000 - 0x00007fff9b198000 	C:\WINDOWS\System32\DriverStore\FileRepository\nv_dispi.inf_amd64_60daf66a00f2e0b6\nvwgf2umx.dll
0x00007fffb1180000 - 0x00007fffb11ad000 	C:\WINDOWS\SYSTEM32\D3DSCache.dll
0x00007fffc8a90000 - 0x00007fffc8ab9000 	C:\WINDOWS\SYSTEM32\USERENV.dll
0x00007fffc0750000 - 0x00007fffc09b6000 	C:\WINDOWS\SYSTEM32\twinapi.appcore.dll
0x00007fffb05e0000 - 0x00007fffb083f000 	C:\WINDOWS\SYSTEM32\dwrite.dll
0x00007fffafd80000 - 0x00007fffafead000 	C:\WINDOWS\SYSTEM32\textinputframework.dll
0x00007fffac2d0000 - 0x00007fffac37e000 	C:\WINDOWS\SYSTEM32\TextShaping.dll
0x00007fffc34d0000 - 0x00007fffc36e9000 	C:\WINDOWS\SYSTEM32\dcomp.dll
0x00007fffc5ae0000 - 0x00007fffc5f46000 	C:\WINDOWS\SYSTEM32\d3dcompiler_47.dll
0x00007fffc64e0000 - 0x00007fffc6612000 	C:\WINDOWS\SYSTEM32\CoreMessaging.dll
0x00007fffc3a60000 - 0x00007fffc3dcd000 	C:\WINDOWS\SYSTEM32\CoreUIComponents.dll

dbghelp: loaded successfully - version: 4.0.5 - missing functions: none
symbol engine: initialized successfully - sym options: 0x614 - pdb path: .;C:\Users\longi\.jdks\openjdk-16.0.2\bin;C:\WINDOWS\SYSTEM32;C:\WINDOWS\WinSxS\amd64_microsoft.windows.common-controls_6595b64144ccf1df_6.0.22000.120_none_9d947278b86cc467;C:\Users\longi\.jdks\openjdk-16.0.2\bin\server;C:\Program Files\JetBrains\IntelliJ IDEA Community Edition 2020.3.2\bin;C:\WINDOWS\System32\DriverStore\FileRepository\nv_dispi.inf_amd64_60daf66a00f2e0b6;C:\Users\longi\.skiko\2b9f0decc3be4389c3c6b9cbc9367209a9ea34c37b231c77581b63b0ee6e1d1b

VM Arguments:
jvm_args: -javaagent:C:\Program Files\JetBrains\IntelliJ IDEA Community Edition 2020.3.2\lib\idea_rt.jar=52291:C:\Program Files\JetBrains\IntelliJ IDEA Community Edition 2020.3.2\bin -Dfile.encoding=UTF-8 
java_command: MainGraphicKt
java_class_path (initial): D:\myProgs\IntellijIDEAprogs\ViewOS\build\classes\kotlin\main;D:\myProgs\IntellijIDEAprogs\ViewOS\build\resources\main;C:\Users\longi\.gradle\caches\modules-2\files-2.1\com.notkamui.libs\keval\0.7.4\427184a9d2ad1f17c3a56b0ebfcecfefb0aa8960\keval-0.7.4.jar;C:\Users\longi\.gradle\caches\modules-2\files-2.1\org.jetbrains.kotlin\kotlin-stdlib-jdk8\1.5.31\ff5d99aecd328872494e8921b72bf6e3af97af3e\kotlin-stdlib-jdk8-1.5.31.jar;C:\Users\longi\.gradle\caches\modules-2\files-2.1\org.jetbrains.kotlinx\kotlinx-coroutines-core-jvm\1.5.2\f4cc07a50437659e0043e7da762809a46932b6a0\kotlinx-coroutines-core-jvm-1.5.2.jar;C:\Users\longi\.gradle\caches\modules-2\files-2.1\org.jetbrains.kotlin\kotlin-stdlib-jdk7\1.5.31\77e0f2568912e45d26c31fd417a332458508acdf\kotlin-stdlib-jdk7-1.5.31.jar;C:\Users\longi\.gradle\caches\modules-2\files-2.1\org.jetbrains.kotlin\kotlin-stdlib\1.5.31\6628d61d0f5603568e72d2d5915d2c034b4f1c55\kotlin-stdlib-1.5.31.jar;C:\Users\longi\.gradle\caches\modules-2\files-2.1\org.jetbrains.compose.desktop\desktop-jvm\1.0.0-beta1\2a3891470b97a54f568ac80a224379868d3e74a5\desktop-jvm-1.0.0-beta1.jar;C:\Users\longi\.gradle\caches\modules-2\files-2.1\org.jetbrains.kotlin\kotlin-stdlib-common\1.5.31\43331609c7de811fed085e0dfd150874b157c32\kotlin-stdlib-common-1.5.31.jar;C:\Users\longi\.gradle\caches\modules-2\files-2.1\org.jetbrains\annotations\13.0\919f0dfe192fb4e063e7dacadee7f8bb9a2672a9\annotations-13.0.jar;C:\Users\longi\.gradle\caches\modules-2\files-2.1\org.jetbrains.compose.material\material-desktop\1.0.0-beta1\d13db0b7cbcd44167ef333634f4c1d4301c3d4d2\material-desktop-1.0.0-beta1.jar;C:\Users\longi\.gradle\caches\modules-2\files-2.1\org.jetbrains.compose.foundation\foundation-desktop\1.0.0-beta1\7dd46d0eebda4d53b854e45677d49964eed868e0\foundation-desktop-1.0.0-beta1.jar;C:\Users\longi\.gradle\caches\modules-2\files-2.1\org.jetbrains.compose.ui\ui-tooling-preview-desktop\1.0.0-beta1\4676c56ea7defd68facfab054079ac1e76aba57f\ui-tooling-preview-d
Launcher Type: SUN_STANDARD

[Global flags]
     intx CICompilerCount                          = 4                                         {product} {ergonomic}
     uint ConcGCThreads                            = 3                                         {product} {ergonomic}
     uint G1ConcRefinementThreads                  = 10                                        {product} {ergonomic}
   size_t G1HeapRegionSize                         = 2097152                                   {product} {ergonomic}
    uintx GCDrainStackTargetSize                   = 64                                        {product} {ergonomic}
   size_t InitialHeapSize                          = 268435456                                 {product} {ergonomic}
   size_t MarkStackSize                            = 4194304                                   {product} {ergonomic}
   size_t MaxHeapSize                              = 4282384384                                {product} {ergonomic}
   size_t MaxNewSize                               = 2569011200                                {product} {ergonomic}
   size_t MinHeapDeltaBytes                        = 2097152                                   {product} {ergonomic}
   size_t MinHeapSize                              = 8388608                                   {product} {ergonomic}
    uintx NonNMethodCodeHeapSize                   = 5839372                                {pd product} {ergonomic}
    uintx NonProfiledCodeHeapSize                  = 122909434                              {pd product} {ergonomic}
    uintx ProfiledCodeHeapSize                     = 122909434                              {pd product} {ergonomic}
    uintx ReservedCodeCacheSize                    = 251658240                              {pd product} {ergonomic}
     bool SegmentedCodeCache                       = true                                      {product} {ergonomic}
   size_t SoftMaxHeapSize                          = 4282384384                             {manageable} {ergonomic}
     bool UseCompressedClassPointers               = true                           {product lp64_product} {ergonomic}
     bool UseCompressedOops                        = true                           {product lp64_product} {ergonomic}
     bool UseG1GC                                  = true                                      {product} {ergonomic}
     bool UseLargePagesIndividualAllocation        = false                                  {pd product} {ergonomic}

Logging:
Log output configuration:
 #0: stdout all=warning uptime,level,tags
 #1: stderr all=off uptime,level,tags

Environment Variables:
PATH=C:\Program Files\Common Files\Oracle\Java\javapath;C:\WINDOWS\system32;C:\WINDOWS;C:\WINDOWS\System32\Wbem;C:\WINDOWS\System32\WindowsPowerShell\v1.0\;C:\WINDOWS\System32\OpenSSH\;C:\Program Files\Git\cmd;C:\Program Files\Microsoft SQL Server\130\Tools\Binn\;C:\Program Files\Microsoft SQL Server\Client SDK\ODBC\170\Tools\Binn\;C:\Program Files\dotnet\;C:\ffmpeg;C:\Program Files\MySQL\MySQL Shell 8.0\bin\;C:\Users\longi\AppData\Local\Microsoft\WindowsApps;C:\Users\longi\AppData\Local\GitHubDesktop\bin;C:\Users\longi\.dotnet\tools;
USERNAME=longi
OS=Windows_NT
PROCESSOR_IDENTIFIER=AMD64 Family 23 Model 113 Stepping 0, AuthenticAMD



---------------  S Y S T E M  ---------------

OS:
 Windows 10 , 64 bit Build 22000 (10.0.22000.282)
OS uptime: 1 days 19:33 hours
Hyper-V role detected

CPU: total 12 (initial active 12) (12 cores per cpu, 2 threads per core) family 23 model 113 stepping 0 microcode 0x0, cx8, cmov, fxsr, ht, mmx, 3dnowpref, sse, sse2, sse3, ssse3, sse4a, sse4.1, sse4.2, popcnt, lzcnt, tsc, tscinvbit, avx, avx2, aes, clmul, bmi1, bmi2, adx, sha, fma, vzeroupper, clflush, clflushopt, hv

Memory: 4k page, system-wide physical 16334M (7909M free)
TotalPageFile size 18766M (AvailPageFile size 6343M)
current process WorkingSet (physical memory assigned to process): 384M, peak: 384M
current process commit charge ("private bytes"): 818M, peak: 834M

vm_info: OpenJDK 64-Bit Server VM (16.0.2+7-67) for windows-amd64 JRE (16.0.2+7-67), built on Jun  8 2021 23:21:43 by "mach5one" with MS VC++ 16.7 (VS2019)

END.
